2020-04-08 15:51:33.580 INFO  com.zzm.springmybatis.SpringMybatisApplication Line:55  - Starting SpringMybatisApplication on DESKTOP-08P5REU with PID 16216 (E:\JavaWorkSpace\spring-mybatis\target\classes started by zm in E:\JavaWorkSpace\spring-mybatis)
2020-04-08 15:51:33.588 INFO  com.zzm.springmybatis.SpringMybatisApplication Line:651 - No active profile set, falling back to default profiles: default
2020-04-08 15:51:33.646 INFO  org.springframework.boot.devtools.restart.ChangeableUrls Line:225 - The Class-Path manifest attribute in E:\Java\MavenRepository\org\glassfish\jaxb\jaxb-runtime\2.3.2\jaxb-runtime-2.3.2.jar referenced one or more files that do not exist: file:/E:/Java/MavenRepository/org/glassfish/jaxb/jaxb-runtime/2.3.2/jakarta.xml.bind-api-2.3.2.jar,file:/E:/Java/MavenRepository/org/glassfish/jaxb/jaxb-runtime/2.3.2/txw2-2.3.2.jar,file:/E:/Java/MavenRepository/org/glassfish/jaxb/jaxb-runtime/2.3.2/istack-commons-runtime-3.0.8.jar,file:/E:/Java/MavenRepository/org/glassfish/jaxb/jaxb-runtime/2.3.2/stax-ex-1.8.1.jar,file:/E:/Java/MavenRepository/org/glassfish/jaxb/jaxb-runtime/2.3.2/FastInfoset-1.2.16.jar,file:/E:/Java/MavenRepository/org/glassfish/jaxb/jaxb-runtime/2.3.2/jakarta.activation-api-1.2.1.jar
2020-04-08 15:51:33.647 INFO  org.springframework.boot.devtools.env.DevToolsPropertyDefaultsPostProcessor Line:225 - Devtools property defaults active! Set 'spring.devtools.add-properties' to 'false' to disable
2020-04-08 15:51:33.647 INFO  org.springframework.boot.devtools.env.DevToolsPropertyDefaultsPostProcessor Line:225 - For additional web related logging consider setting the 'logging.level.web' property to 'DEBUG'
2020-04-08 15:51:34.656 INFO  org.springframework.data.repository.config.RepositoryConfigurationDelegate Line:127 - Bootstrapping Spring Data JPA repositories in DEFAULT mode.
2020-04-08 15:51:34.713 INFO  org.springframework.data.repository.config.RepositoryConfigurationDelegate Line:187 - Finished Spring Data repository scanning in 44ms. Found 0 JPA repository interfaces.
2020-04-08 15:51:35.477 INFO  org.springframework.boot.web.embedded.tomcat.TomcatWebServer Line:92  - Tomcat initialized with port(s): 8080 (http)
2020-04-08 15:51:35.489 INFO  org.apache.catalina.core.StandardService Line:173 - Starting service [Tomcat]
2020-04-08 15:51:35.490 INFO  org.apache.catalina.core.StandardEngine Line:173 - Starting Servlet engine: [Apache Tomcat/9.0.31]
2020-04-08 15:51:35.618 INFO  org.apache.catalina.core.ContainerBase.[Tomcat].[localhost].[/] Line:173 - Initializing Spring embedded WebApplicationContext
2020-04-08 15:51:35.619 INFO  org.springframework.web.context.ContextLoader Line:284 - Root WebApplicationContext: initialization completed in 1972 ms
2020-04-08 15:51:35.947 INFO  com.alibaba.druid.pool.DruidDataSource Line:923 - {dataSource-1} inited
2020-04-08 15:51:36.111 INFO  org.hibernate.jpa.internal.util.LogHelper Line:31  - HHH000204: Processing PersistenceUnitInfo [name: default]
2020-04-08 15:51:36.200 INFO  org.hibernate.Version Line:44  - HHH000412: Hibernate ORM core version 5.4.12.Final
2020-04-08 15:51:36.345 INFO  org.hibernate.annotations.common.Version Line:49  - HCANN000001: Hibernate Commons Annotations {5.1.0.Final}
2020-04-08 15:51:36.475 INFO  org.hibernate.dialect.Dialect Line:172 - HHH000400: Using dialect: org.hibernate.dialect.MySQL55Dialect
2020-04-08 15:51:36.664 INFO  org.hibernate.engine.transaction.jta.platform.internal.JtaPlatformInitiator Line:52  - HHH000490: Using JtaPlatform implementation: [org.hibernate.engine.transaction.jta.platform.internal.NoJtaPlatform]
2020-04-08 15:51:36.672 INFO  org.springframework.orm.jpa.LocalContainerEntityManagerFactoryBean Line:416 - Initialized JPA EntityManagerFactory for persistence unit 'default'
2020-04-08 15:51:37.084 INFO  org.springframework.scheduling.concurrent.ThreadPoolTaskExecutor Line:181 - Initializing ExecutorService 'applicationTaskExecutor'
2020-04-08 15:51:37.156 INFO  org.springframework.boot.autoconfigure.web.servlet.WelcomePageHandlerMapping Line:54  - Adding welcome page: class path resource [public/index.html]
2020-04-08 15:51:37.580 INFO  org.springframework.boot.devtools.autoconfigure.OptionalLiveReloadServer Line:58  - LiveReload server is running on port 35729
2020-04-08 15:51:37.635 INFO  org.springframework.boot.web.embedded.tomcat.TomcatWebServer Line:204 - Tomcat started on port(s): 8080 (http) with context path ''
2020-04-08 15:51:37.639 INFO  com.zzm.springmybatis.SpringMybatisApplication Line:61  - Started SpringMybatisApplication in 4.8 seconds (JVM running for 6.445)
2020-04-08 15:51:50.557 INFO  org.apache.catalina.core.ContainerBase.[Tomcat].[localhost].[/] Line:173 - Initializing Spring DispatcherServlet 'dispatcherServlet'
2020-04-08 15:51:50.558 INFO  org.springframework.web.servlet.DispatcherServlet Line:525 - Initializing Servlet 'dispatcherServlet'
2020-04-08 15:51:50.567 INFO  org.springframework.web.servlet.DispatcherServlet Line:547 - Completed initialization in 9 ms
2020-04-08 15:58:18.217 INFO  com.zzm.springmybatis.SpringMybatisApplication Line:55  - Starting SpringMybatisApplication on DESKTOP-08P5REU with PID 10468 (E:\JavaWorkSpace\spring-mybatis\target\classes started by zm in E:\JavaWorkSpace\spring-mybatis)
2020-04-08 15:58:18.221 INFO  com.zzm.springmybatis.SpringMybatisApplication Line:651 - No active profile set, falling back to default profiles: default
2020-04-08 15:58:18.264 INFO  org.springframework.boot.devtools.restart.ChangeableUrls Line:225 - The Class-Path manifest attribute in E:\Java\MavenRepository\org\glassfish\jaxb\jaxb-runtime\2.3.2\jaxb-runtime-2.3.2.jar referenced one or more files that do not exist: file:/E:/Java/MavenRepository/org/glassfish/jaxb/jaxb-runtime/2.3.2/jakarta.xml.bind-api-2.3.2.jar,file:/E:/Java/MavenRepository/org/glassfish/jaxb/jaxb-runtime/2.3.2/txw2-2.3.2.jar,file:/E:/Java/MavenRepository/org/glassfish/jaxb/jaxb-runtime/2.3.2/istack-commons-runtime-3.0.8.jar,file:/E:/Java/MavenRepository/org/glassfish/jaxb/jaxb-runtime/2.3.2/stax-ex-1.8.1.jar,file:/E:/Java/MavenRepository/org/glassfish/jaxb/jaxb-runtime/2.3.2/FastInfoset-1.2.16.jar,file:/E:/Java/MavenRepository/org/glassfish/jaxb/jaxb-runtime/2.3.2/jakarta.activation-api-1.2.1.jar
2020-04-08 15:58:18.265 INFO  org.springframework.boot.devtools.env.DevToolsPropertyDefaultsPostProcessor Line:225 - Devtools property defaults active! Set 'spring.devtools.add-properties' to 'false' to disable
2020-04-08 15:58:18.265 INFO  org.springframework.boot.devtools.env.DevToolsPropertyDefaultsPostProcessor Line:225 - For additional web related logging consider setting the 'logging.level.web' property to 'DEBUG'
2020-04-08 15:58:19.151 INFO  org.springframework.data.repository.config.RepositoryConfigurationDelegate Line:127 - Bootstrapping Spring Data JPA repositories in DEFAULT mode.
2020-04-08 15:58:19.195 INFO  org.springframework.data.repository.config.RepositoryConfigurationDelegate Line:187 - Finished Spring Data repository scanning in 36ms. Found 0 JPA repository interfaces.
2020-04-08 15:58:19.855 INFO  org.springframework.boot.web.embedded.tomcat.TomcatWebServer Line:92  - Tomcat initialized with port(s): 8080 (http)
2020-04-08 15:58:19.869 INFO  org.apache.catalina.core.StandardService Line:173 - Starting service [Tomcat]
2020-04-08 15:58:19.870 INFO  org.apache.catalina.core.StandardEngine Line:173 - Starting Servlet engine: [Apache Tomcat/9.0.31]
2020-04-08 15:58:19.982 INFO  org.apache.catalina.core.ContainerBase.[Tomcat].[localhost].[/] Line:173 - Initializing Spring embedded WebApplicationContext
2020-04-08 15:58:19.982 INFO  org.springframework.web.context.ContextLoader Line:284 - Root WebApplicationContext: initialization completed in 1716 ms
2020-04-08 15:58:20.258 INFO  com.alibaba.druid.pool.DruidDataSource Line:923 - {dataSource-1} inited
2020-04-08 15:58:20.402 INFO  org.hibernate.jpa.internal.util.LogHelper Line:31  - HHH000204: Processing PersistenceUnitInfo [name: default]
2020-04-08 15:58:20.461 INFO  org.hibernate.Version Line:44  - HHH000412: Hibernate ORM core version 5.4.12.Final
2020-04-08 15:58:20.582 INFO  org.hibernate.annotations.common.Version Line:49  - HCANN000001: Hibernate Commons Annotations {5.1.0.Final}
2020-04-08 15:58:20.683 INFO  org.hibernate.dialect.Dialect Line:172 - HHH000400: Using dialect: org.hibernate.dialect.MySQL55Dialect
2020-04-08 15:58:20.849 INFO  org.hibernate.engine.transaction.jta.platform.internal.JtaPlatformInitiator Line:52  - HHH000490: Using JtaPlatform implementation: [org.hibernate.engine.transaction.jta.platform.internal.NoJtaPlatform]
2020-04-08 15:58:20.859 INFO  org.springframework.orm.jpa.LocalContainerEntityManagerFactoryBean Line:416 - Initialized JPA EntityManagerFactory for persistence unit 'default'
2020-04-08 15:58:21.255 INFO  org.springframework.scheduling.concurrent.ThreadPoolTaskExecutor Line:181 - Initializing ExecutorService 'applicationTaskExecutor'
2020-04-08 15:58:21.326 INFO  org.springframework.boot.autoconfigure.web.servlet.WelcomePageHandlerMapping Line:54  - Adding welcome page: class path resource [public/index.html]
2020-04-08 15:58:21.670 INFO  org.springframework.boot.devtools.autoconfigure.OptionalLiveReloadServer Line:58  - LiveReload server is running on port 35729
2020-04-08 15:58:21.723 INFO  org.springframework.boot.web.embedded.tomcat.TomcatWebServer Line:204 - Tomcat started on port(s): 8080 (http) with context path ''
2020-04-08 15:58:21.727 INFO  com.zzm.springmybatis.SpringMybatisApplication Line:61  - Started SpringMybatisApplication in 4.833 seconds (JVM running for 6.689)
2020-04-08 15:58:21.943 INFO  org.apache.catalina.core.ContainerBase.[Tomcat].[localhost].[/] Line:173 - Initializing Spring DispatcherServlet 'dispatcherServlet'
2020-04-08 15:58:21.943 INFO  org.springframework.web.servlet.DispatcherServlet Line:525 - Initializing Servlet 'dispatcherServlet'
2020-04-08 15:58:21.955 INFO  org.springframework.web.servlet.DispatcherServlet Line:547 - Completed initialization in 10 ms
2020-04-08 15:59:06.626 INFO  com.zzm.springmybatis.SpringMybatisApplication Line:55  - Starting SpringMybatisApplication on DESKTOP-08P5REU with PID 17452 (E:\JavaWorkSpace\spring-mybatis\target\classes started by zm in E:\JavaWorkSpace\spring-mybatis)
2020-04-08 15:59:06.632 INFO  com.zzm.springmybatis.SpringMybatisApplication Line:651 - No active profile set, falling back to default profiles: default
2020-04-08 15:59:06.691 INFO  org.springframework.boot.devtools.restart.ChangeableUrls Line:225 - The Class-Path manifest attribute in E:\Java\MavenRepository\org\glassfish\jaxb\jaxb-runtime\2.3.2\jaxb-runtime-2.3.2.jar referenced one or more files that do not exist: file:/E:/Java/MavenRepository/org/glassfish/jaxb/jaxb-runtime/2.3.2/jakarta.xml.bind-api-2.3.2.jar,file:/E:/Java/MavenRepository/org/glassfish/jaxb/jaxb-runtime/2.3.2/txw2-2.3.2.jar,file:/E:/Java/MavenRepository/org/glassfish/jaxb/jaxb-runtime/2.3.2/istack-commons-runtime-3.0.8.jar,file:/E:/Java/MavenRepository/org/glassfish/jaxb/jaxb-runtime/2.3.2/stax-ex-1.8.1.jar,file:/E:/Java/MavenRepository/org/glassfish/jaxb/jaxb-runtime/2.3.2/FastInfoset-1.2.16.jar,file:/E:/Java/MavenRepository/org/glassfish/jaxb/jaxb-runtime/2.3.2/jakarta.activation-api-1.2.1.jar
2020-04-08 15:59:06.692 INFO  org.springframework.boot.devtools.env.DevToolsPropertyDefaultsPostProcessor Line:225 - Devtools property defaults active! Set 'spring.devtools.add-properties' to 'false' to disable
2020-04-08 15:59:06.692 INFO  org.springframework.boot.devtools.env.DevToolsPropertyDefaultsPostProcessor Line:225 - For additional web related logging consider setting the 'logging.level.web' property to 'DEBUG'
2020-04-08 15:59:07.429 INFO  org.springframework.data.repository.config.RepositoryConfigurationDelegate Line:127 - Bootstrapping Spring Data JPA repositories in DEFAULT mode.
2020-04-08 15:59:07.481 INFO  org.springframework.data.repository.config.RepositoryConfigurationDelegate Line:187 - Finished Spring Data repository scanning in 43ms. Found 0 JPA repository interfaces.
2020-04-08 15:59:08.234 INFO  org.springframework.boot.web.embedded.tomcat.TomcatWebServer Line:92  - Tomcat initialized with port(s): 8080 (http)
2020-04-08 15:59:08.244 INFO  org.apache.catalina.core.StandardService Line:173 - Starting service [Tomcat]
2020-04-08 15:59:08.245 INFO  org.apache.catalina.core.StandardEngine Line:173 - Starting Servlet engine: [Apache Tomcat/9.0.31]
2020-04-08 15:59:08.372 INFO  org.apache.catalina.core.ContainerBase.[Tomcat].[localhost].[/] Line:173 - Initializing Spring embedded WebApplicationContext
2020-04-08 15:59:08.373 INFO  org.springframework.web.context.ContextLoader Line:284 - Root WebApplicationContext: initialization completed in 1681 ms
2020-04-08 15:59:08.695 INFO  com.alibaba.druid.pool.DruidDataSource Line:923 - {dataSource-1} inited
2020-04-08 15:59:08.846 INFO  org.hibernate.jpa.internal.util.LogHelper Line:31  - HHH000204: Processing PersistenceUnitInfo [name: default]
2020-04-08 15:59:08.909 INFO  org.hibernate.Version Line:44  - HHH000412: Hibernate ORM core version 5.4.12.Final
2020-04-08 15:59:09.020 INFO  org.hibernate.annotations.common.Version Line:49  - HCANN000001: Hibernate Commons Annotations {5.1.0.Final}
2020-04-08 15:59:09.123 INFO  org.hibernate.dialect.Dialect Line:172 - HHH000400: Using dialect: org.hibernate.dialect.MySQL55Dialect
2020-04-08 15:59:09.298 INFO  org.hibernate.engine.transaction.jta.platform.internal.JtaPlatformInitiator Line:52  - HHH000490: Using JtaPlatform implementation: [org.hibernate.engine.transaction.jta.platform.internal.NoJtaPlatform]
2020-04-08 15:59:09.308 INFO  org.springframework.orm.jpa.LocalContainerEntityManagerFactoryBean Line:416 - Initialized JPA EntityManagerFactory for persistence unit 'default'
2020-04-08 15:59:09.709 INFO  org.springframework.scheduling.concurrent.ThreadPoolTaskExecutor Line:181 - Initializing ExecutorService 'applicationTaskExecutor'
2020-04-08 15:59:09.780 INFO  org.springframework.boot.autoconfigure.web.servlet.WelcomePageHandlerMapping Line:54  - Adding welcome page: class path resource [public/index.html]
2020-04-08 15:59:10.090 INFO  org.springframework.boot.devtools.autoconfigure.OptionalLiveReloadServer Line:58  - LiveReload server is running on port 35729
2020-04-08 15:59:10.143 INFO  org.springframework.boot.web.embedded.tomcat.TomcatWebServer Line:204 - Tomcat started on port(s): 8080 (http) with context path ''
2020-04-08 15:59:10.147 INFO  com.zzm.springmybatis.SpringMybatisApplication Line:61  - Started SpringMybatisApplication in 4.61 seconds (JVM running for 7.031)
2020-04-08 15:59:10.369 INFO  org.apache.catalina.core.ContainerBase.[Tomcat].[localhost].[/] Line:173 - Initializing Spring DispatcherServlet 'dispatcherServlet'
2020-04-08 15:59:10.369 INFO  org.springframework.web.servlet.DispatcherServlet Line:525 - Initializing Servlet 'dispatcherServlet'
2020-04-08 15:59:10.376 INFO  org.springframework.web.servlet.DispatcherServlet Line:547 - Completed initialization in 6 ms
2020-04-08 15:59:36.778 INFO  com.zzm.springmybatis.SpringMybatisApplication Line:55  - Starting SpringMybatisApplication on DESKTOP-08P5REU with PID 924 (E:\JavaWorkSpace\spring-mybatis\target\classes started by zm in E:\JavaWorkSpace\spring-mybatis)
2020-04-08 15:59:36.782 INFO  com.zzm.springmybatis.SpringMybatisApplication Line:651 - No active profile set, falling back to default profiles: default
2020-04-08 15:59:36.826 INFO  org.springframework.boot.devtools.restart.ChangeableUrls Line:225 - The Class-Path manifest attribute in E:\Java\MavenRepository\org\glassfish\jaxb\jaxb-runtime\2.3.2\jaxb-runtime-2.3.2.jar referenced one or more files that do not exist: file:/E:/Java/MavenRepository/org/glassfish/jaxb/jaxb-runtime/2.3.2/jakarta.xml.bind-api-2.3.2.jar,file:/E:/Java/MavenRepository/org/glassfish/jaxb/jaxb-runtime/2.3.2/txw2-2.3.2.jar,file:/E:/Java/MavenRepository/org/glassfish/jaxb/jaxb-runtime/2.3.2/istack-commons-runtime-3.0.8.jar,file:/E:/Java/MavenRepository/org/glassfish/jaxb/jaxb-runtime/2.3.2/stax-ex-1.8.1.jar,file:/E:/Java/MavenRepository/org/glassfish/jaxb/jaxb-runtime/2.3.2/FastInfoset-1.2.16.jar,file:/E:/Java/MavenRepository/org/glassfish/jaxb/jaxb-runtime/2.3.2/jakarta.activation-api-1.2.1.jar
2020-04-08 15:59:36.827 INFO  org.springframework.boot.devtools.env.DevToolsPropertyDefaultsPostProcessor Line:225 - Devtools property defaults active! Set 'spring.devtools.add-properties' to 'false' to disable
2020-04-08 15:59:36.827 INFO  org.springframework.boot.devtools.env.DevToolsPropertyDefaultsPostProcessor Line:225 - For additional web related logging consider setting the 'logging.level.web' property to 'DEBUG'
2020-04-08 15:59:37.592 INFO  org.springframework.data.repository.config.RepositoryConfigurationDelegate Line:127 - Bootstrapping Spring Data JPA repositories in DEFAULT mode.
2020-04-08 15:59:37.642 INFO  org.springframework.data.repository.config.RepositoryConfigurationDelegate Line:187 - Finished Spring Data repository scanning in 41ms. Found 0 JPA repository interfaces.
2020-04-08 15:59:38.371 INFO  org.springframework.boot.web.embedded.tomcat.TomcatWebServer Line:92  - Tomcat initialized with port(s): 8080 (http)
2020-04-08 15:59:38.381 INFO  org.apache.catalina.core.StandardService Line:173 - Starting service [Tomcat]
2020-04-08 15:59:38.382 INFO  org.apache.catalina.core.StandardEngine Line:173 - Starting Servlet engine: [Apache Tomcat/9.0.31]
2020-04-08 15:59:38.491 INFO  org.apache.catalina.core.ContainerBase.[Tomcat].[localhost].[/] Line:173 - Initializing Spring embedded WebApplicationContext
2020-04-08 15:59:38.492 INFO  org.springframework.web.context.ContextLoader Line:284 - Root WebApplicationContext: initialization completed in 1665 ms
2020-04-08 15:59:38.781 INFO  com.alibaba.druid.pool.DruidDataSource Line:923 - {dataSource-1} inited
2020-04-08 15:59:38.931 INFO  org.hibernate.jpa.internal.util.LogHelper Line:31  - HHH000204: Processing PersistenceUnitInfo [name: default]
2020-04-08 15:59:38.993 INFO  org.hibernate.Version Line:44  - HHH000412: Hibernate ORM core version 5.4.12.Final
2020-04-08 15:59:39.106 INFO  org.hibernate.annotations.common.Version Line:49  - HCANN000001: Hibernate Commons Annotations {5.1.0.Final}
2020-04-08 15:59:39.206 INFO  org.hibernate.dialect.Dialect Line:172 - HHH000400: Using dialect: org.hibernate.dialect.MySQL55Dialect
2020-04-08 15:59:39.365 INFO  org.hibernate.engine.transaction.jta.platform.internal.JtaPlatformInitiator Line:52  - HHH000490: Using JtaPlatform implementation: [org.hibernate.engine.transaction.jta.platform.internal.NoJtaPlatform]
2020-04-08 15:59:39.373 INFO  org.springframework.orm.jpa.LocalContainerEntityManagerFactoryBean Line:416 - Initialized JPA EntityManagerFactory for persistence unit 'default'
2020-04-08 15:59:39.760 INFO  org.springframework.scheduling.concurrent.ThreadPoolTaskExecutor Line:181 - Initializing ExecutorService 'applicationTaskExecutor'
2020-04-08 15:59:39.829 INFO  org.springframework.boot.autoconfigure.web.servlet.WelcomePageHandlerMapping Line:54  - Adding welcome page: class path resource [public/index.html]
2020-04-08 15:59:40.125 INFO  org.springframework.boot.devtools.autoconfigure.OptionalLiveReloadServer Line:58  - LiveReload server is running on port 35729
2020-04-08 15:59:40.174 INFO  org.springframework.boot.web.embedded.tomcat.TomcatWebServer Line:204 - Tomcat started on port(s): 8080 (http) with context path ''
2020-04-08 15:59:40.178 INFO  com.zzm.springmybatis.SpringMybatisApplication Line:61  - Started SpringMybatisApplication in 4.577 seconds (JVM running for 6.655)
2020-04-08 15:59:40.264 INFO  org.apache.catalina.core.ContainerBase.[Tomcat].[localhost].[/] Line:173 - Initializing Spring DispatcherServlet 'dispatcherServlet'
2020-04-08 15:59:40.264 INFO  org.springframework.web.servlet.DispatcherServlet Line:525 - Initializing Servlet 'dispatcherServlet'
2020-04-08 15:59:40.273 INFO  org.springframework.web.servlet.DispatcherServlet Line:547 - Completed initialization in 8 ms
2020-04-08 16:00:37.012 INFO  com.zzm.springmybatis.SpringMybatisApplication Line:55  - Starting SpringMybatisApplication on DESKTOP-08P5REU with PID 14640 (E:\JavaWorkSpace\spring-mybatis\target\classes started by zm in E:\JavaWorkSpace\spring-mybatis)
2020-04-08 16:00:37.015 INFO  com.zzm.springmybatis.SpringMybatisApplication Line:651 - No active profile set, falling back to default profiles: default
2020-04-08 16:00:37.057 INFO  org.springframework.boot.devtools.restart.ChangeableUrls Line:225 - The Class-Path manifest attribute in E:\Java\MavenRepository\org\glassfish\jaxb\jaxb-runtime\2.3.2\jaxb-runtime-2.3.2.jar referenced one or more files that do not exist: file:/E:/Java/MavenRepository/org/glassfish/jaxb/jaxb-runtime/2.3.2/jakarta.xml.bind-api-2.3.2.jar,file:/E:/Java/MavenRepository/org/glassfish/jaxb/jaxb-runtime/2.3.2/txw2-2.3.2.jar,file:/E:/Java/MavenRepository/org/glassfish/jaxb/jaxb-runtime/2.3.2/istack-commons-runtime-3.0.8.jar,file:/E:/Java/MavenRepository/org/glassfish/jaxb/jaxb-runtime/2.3.2/stax-ex-1.8.1.jar,file:/E:/Java/MavenRepository/org/glassfish/jaxb/jaxb-runtime/2.3.2/FastInfoset-1.2.16.jar,file:/E:/Java/MavenRepository/org/glassfish/jaxb/jaxb-runtime/2.3.2/jakarta.activation-api-1.2.1.jar
2020-04-08 16:00:37.058 INFO  org.springframework.boot.devtools.env.DevToolsPropertyDefaultsPostProcessor Line:225 - Devtools property defaults active! Set 'spring.devtools.add-properties' to 'false' to disable
2020-04-08 16:00:37.058 INFO  org.springframework.boot.devtools.env.DevToolsPropertyDefaultsPostProcessor Line:225 - For additional web related logging consider setting the 'logging.level.web' property to 'DEBUG'
2020-04-08 16:00:37.832 INFO  org.springframework.data.repository.config.RepositoryConfigurationDelegate Line:127 - Bootstrapping Spring Data JPA repositories in DEFAULT mode.
2020-04-08 16:00:37.882 INFO  org.springframework.data.repository.config.RepositoryConfigurationDelegate Line:187 - Finished Spring Data repository scanning in 40ms. Found 0 JPA repository interfaces.
2020-04-08 16:00:38.635 INFO  org.springframework.boot.web.embedded.tomcat.TomcatWebServer Line:92  - Tomcat initialized with port(s): 8080 (http)
2020-04-08 16:00:38.647 INFO  org.apache.catalina.core.StandardService Line:173 - Starting service [Tomcat]
2020-04-08 16:00:38.648 INFO  org.apache.catalina.core.StandardEngine Line:173 - Starting Servlet engine: [Apache Tomcat/9.0.31]
2020-04-08 16:00:38.769 INFO  org.apache.catalina.core.ContainerBase.[Tomcat].[localhost].[/] Line:173 - Initializing Spring embedded WebApplicationContext
2020-04-08 16:00:38.770 INFO  org.springframework.web.context.ContextLoader Line:284 - Root WebApplicationContext: initialization completed in 1712 ms
2020-04-08 16:00:39.066 INFO  com.alibaba.druid.pool.DruidDataSource Line:923 - {dataSource-1} inited
2020-04-08 16:00:39.213 INFO  org.hibernate.jpa.internal.util.LogHelper Line:31  - HHH000204: Processing PersistenceUnitInfo [name: default]
2020-04-08 16:00:39.285 INFO  org.hibernate.Version Line:44  - HHH000412: Hibernate ORM core version 5.4.12.Final
2020-04-08 16:00:39.411 INFO  org.hibernate.annotations.common.Version Line:49  - HCANN000001: Hibernate Commons Annotations {5.1.0.Final}
2020-04-08 16:00:39.524 INFO  org.hibernate.dialect.Dialect Line:172 - HHH000400: Using dialect: org.hibernate.dialect.MySQL55Dialect
2020-04-08 16:00:39.769 INFO  org.hibernate.engine.transaction.jta.platform.internal.JtaPlatformInitiator Line:52  - HHH000490: Using JtaPlatform implementation: [org.hibernate.engine.transaction.jta.platform.internal.NoJtaPlatform]
2020-04-08 16:00:39.782 INFO  org.springframework.orm.jpa.LocalContainerEntityManagerFactoryBean Line:416 - Initialized JPA EntityManagerFactory for persistence unit 'default'
2020-04-08 16:00:40.217 INFO  org.springframework.scheduling.concurrent.ThreadPoolTaskExecutor Line:181 - Initializing ExecutorService 'applicationTaskExecutor'
2020-04-08 16:00:40.290 INFO  org.springframework.boot.autoconfigure.web.servlet.WelcomePageHandlerMapping Line:54  - Adding welcome page: class path resource [public/index.html]
2020-04-08 16:00:40.591 INFO  org.springframework.boot.devtools.autoconfigure.OptionalLiveReloadServer Line:58  - LiveReload server is running on port 35729
2020-04-08 16:00:40.645 INFO  org.springframework.boot.web.embedded.tomcat.TomcatWebServer Line:204 - Tomcat started on port(s): 8080 (http) with context path ''
2020-04-08 16:00:40.647 INFO  com.zzm.springmybatis.SpringMybatisApplication Line:61  - Started SpringMybatisApplication in 4.793 seconds (JVM running for 6.463)
2020-04-08 16:00:40.743 INFO  org.apache.catalina.core.ContainerBase.[Tomcat].[localhost].[/] Line:173 - Initializing Spring DispatcherServlet 'dispatcherServlet'
2020-04-08 16:00:40.743 INFO  org.springframework.web.servlet.DispatcherServlet Line:525 - Initializing Servlet 'dispatcherServlet'
2020-04-08 16:00:40.751 INFO  org.springframework.web.servlet.DispatcherServlet Line:547 - Completed initialization in 7 ms
2020-04-08 16:01:35.505 INFO  com.zzm.springmybatis.SpringMybatisApplication Line:55  - Starting SpringMybatisApplication on DESKTOP-08P5REU with PID 1536 (E:\JavaWorkSpace\spring-mybatis\target\classes started by zm in E:\JavaWorkSpace\spring-mybatis)
2020-04-08 16:01:35.509 INFO  com.zzm.springmybatis.SpringMybatisApplication Line:651 - No active profile set, falling back to default profiles: default
2020-04-08 16:01:35.553 INFO  org.springframework.boot.devtools.restart.ChangeableUrls Line:225 - The Class-Path manifest attribute in E:\Java\MavenRepository\org\glassfish\jaxb\jaxb-runtime\2.3.2\jaxb-runtime-2.3.2.jar referenced one or more files that do not exist: file:/E:/Java/MavenRepository/org/glassfish/jaxb/jaxb-runtime/2.3.2/jakarta.xml.bind-api-2.3.2.jar,file:/E:/Java/MavenRepository/org/glassfish/jaxb/jaxb-runtime/2.3.2/txw2-2.3.2.jar,file:/E:/Java/MavenRepository/org/glassfish/jaxb/jaxb-runtime/2.3.2/istack-commons-runtime-3.0.8.jar,file:/E:/Java/MavenRepository/org/glassfish/jaxb/jaxb-runtime/2.3.2/stax-ex-1.8.1.jar,file:/E:/Java/MavenRepository/org/glassfish/jaxb/jaxb-runtime/2.3.2/FastInfoset-1.2.16.jar,file:/E:/Java/MavenRepository/org/glassfish/jaxb/jaxb-runtime/2.3.2/jakarta.activation-api-1.2.1.jar
2020-04-08 16:01:35.554 INFO  org.springframework.boot.devtools.env.DevToolsPropertyDefaultsPostProcessor Line:225 - Devtools property defaults active! Set 'spring.devtools.add-properties' to 'false' to disable
2020-04-08 16:01:35.554 INFO  org.springframework.boot.devtools.env.DevToolsPropertyDefaultsPostProcessor Line:225 - For additional web related logging consider setting the 'logging.level.web' property to 'DEBUG'
2020-04-08 16:01:36.378 INFO  org.springframework.data.repository.config.RepositoryConfigurationDelegate Line:127 - Bootstrapping Spring Data JPA repositories in DEFAULT mode.
2020-04-08 16:01:36.424 INFO  org.springframework.data.repository.config.RepositoryConfigurationDelegate Line:187 - Finished Spring Data repository scanning in 37ms. Found 0 JPA repository interfaces.
2020-04-08 16:01:37.190 INFO  org.springframework.boot.web.embedded.tomcat.TomcatWebServer Line:92  - Tomcat initialized with port(s): 8080 (http)
2020-04-08 16:01:37.202 INFO  org.apache.catalina.core.StandardService Line:173 - Starting service [Tomcat]
2020-04-08 16:01:37.203 INFO  org.apache.catalina.core.StandardEngine Line:173 - Starting Servlet engine: [Apache Tomcat/9.0.31]
2020-04-08 16:01:37.314 INFO  org.apache.catalina.core.ContainerBase.[Tomcat].[localhost].[/] Line:173 - Initializing Spring embedded WebApplicationContext
2020-04-08 16:01:37.314 INFO  org.springframework.web.context.ContextLoader Line:284 - Root WebApplicationContext: initialization completed in 1760 ms
2020-04-08 16:01:37.626 INFO  com.alibaba.druid.pool.DruidDataSource Line:923 - {dataSource-1} inited
2020-04-08 16:01:37.784 INFO  org.hibernate.jpa.internal.util.LogHelper Line:31  - HHH000204: Processing PersistenceUnitInfo [name: default]
2020-04-08 16:01:37.853 INFO  org.hibernate.Version Line:44  - HHH000412: Hibernate ORM core version 5.4.12.Final
2020-04-08 16:01:37.989 INFO  org.hibernate.annotations.common.Version Line:49  - HCANN000001: Hibernate Commons Annotations {5.1.0.Final}
2020-04-08 16:01:38.122 INFO  org.hibernate.dialect.Dialect Line:172 - HHH000400: Using dialect: org.hibernate.dialect.MySQL55Dialect
2020-04-08 16:01:38.293 INFO  org.hibernate.engine.transaction.jta.platform.internal.JtaPlatformInitiator Line:52  - HHH000490: Using JtaPlatform implementation: [org.hibernate.engine.transaction.jta.platform.internal.NoJtaPlatform]
2020-04-08 16:01:38.301 INFO  org.springframework.orm.jpa.LocalContainerEntityManagerFactoryBean Line:416 - Initialized JPA EntityManagerFactory for persistence unit 'default'
2020-04-08 16:01:38.783 INFO  org.springframework.scheduling.concurrent.ThreadPoolTaskExecutor Line:181 - Initializing ExecutorService 'applicationTaskExecutor'
2020-04-08 16:01:38.868 INFO  org.springframework.boot.autoconfigure.web.servlet.WelcomePageHandlerMapping Line:54  - Adding welcome page: class path resource [public/index.html]
2020-04-08 16:01:39.193 INFO  org.springframework.boot.devtools.autoconfigure.OptionalLiveReloadServer Line:58  - LiveReload server is running on port 35729
2020-04-08 16:01:39.251 INFO  org.springframework.boot.web.embedded.tomcat.TomcatWebServer Line:204 - Tomcat started on port(s): 8080 (http) with context path ''
2020-04-08 16:01:39.255 INFO  com.zzm.springmybatis.SpringMybatisApplication Line:61  - Started SpringMybatisApplication in 4.629 seconds (JVM running for 6.439)
2020-04-08 16:01:39.316 INFO  org.apache.catalina.core.ContainerBase.[Tomcat].[localhost].[/] Line:173 - Initializing Spring DispatcherServlet 'dispatcherServlet'
2020-04-08 16:01:39.317 INFO  org.springframework.web.servlet.DispatcherServlet Line:525 - Initializing Servlet 'dispatcherServlet'
2020-04-08 16:01:39.326 INFO  org.springframework.web.servlet.DispatcherServlet Line:547 - Completed initialization in 9 ms
2020-04-08 16:02:16.549 INFO  com.zzm.springmybatis.SpringMybatisApplication Line:55  - Starting SpringMybatisApplication on DESKTOP-08P5REU with PID 15340 (E:\JavaWorkSpace\spring-mybatis\target\classes started by zm in E:\JavaWorkSpace\spring-mybatis)
2020-04-08 16:02:16.557 INFO  com.zzm.springmybatis.SpringMybatisApplication Line:651 - No active profile set, falling back to default profiles: default
2020-04-08 16:02:16.643 INFO  org.springframework.boot.devtools.restart.ChangeableUrls Line:225 - The Class-Path manifest attribute in E:\Java\MavenRepository\org\glassfish\jaxb\jaxb-runtime\2.3.2\jaxb-runtime-2.3.2.jar referenced one or more files that do not exist: file:/E:/Java/MavenRepository/org/glassfish/jaxb/jaxb-runtime/2.3.2/jakarta.xml.bind-api-2.3.2.jar,file:/E:/Java/MavenRepository/org/glassfish/jaxb/jaxb-runtime/2.3.2/txw2-2.3.2.jar,file:/E:/Java/MavenRepository/org/glassfish/jaxb/jaxb-runtime/2.3.2/istack-commons-runtime-3.0.8.jar,file:/E:/Java/MavenRepository/org/glassfish/jaxb/jaxb-runtime/2.3.2/stax-ex-1.8.1.jar,file:/E:/Java/MavenRepository/org/glassfish/jaxb/jaxb-runtime/2.3.2/FastInfoset-1.2.16.jar,file:/E:/Java/MavenRepository/org/glassfish/jaxb/jaxb-runtime/2.3.2/jakarta.activation-api-1.2.1.jar
2020-04-08 16:02:16.644 INFO  org.springframework.boot.devtools.env.DevToolsPropertyDefaultsPostProcessor Line:225 - Devtools property defaults active! Set 'spring.devtools.add-properties' to 'false' to disable
2020-04-08 16:02:16.645 INFO  org.springframework.boot.devtools.env.DevToolsPropertyDefaultsPostProcessor Line:225 - For additional web related logging consider setting the 'logging.level.web' property to 'DEBUG'
2020-04-08 16:02:17.476 INFO  org.springframework.data.repository.config.RepositoryConfigurationDelegate Line:127 - Bootstrapping Spring Data JPA repositories in DEFAULT mode.
2020-04-08 16:02:17.528 INFO  org.springframework.data.repository.config.RepositoryConfigurationDelegate Line:187 - Finished Spring Data repository scanning in 41ms. Found 0 JPA repository interfaces.
2020-04-08 16:02:18.245 INFO  org.springframework.boot.web.embedded.tomcat.TomcatWebServer Line:92  - Tomcat initialized with port(s): 8080 (http)
2020-04-08 16:02:18.255 INFO  org.apache.catalina.core.StandardService Line:173 - Starting service [Tomcat]
2020-04-08 16:02:18.256 INFO  org.apache.catalina.core.StandardEngine Line:173 - Starting Servlet engine: [Apache Tomcat/9.0.31]
2020-04-08 16:02:18.369 INFO  org.apache.catalina.core.ContainerBase.[Tomcat].[localhost].[/] Line:173 - Initializing Spring embedded WebApplicationContext
2020-04-08 16:02:18.369 INFO  org.springframework.web.context.ContextLoader Line:284 - Root WebApplicationContext: initialization completed in 1723 ms
2020-04-08 16:02:18.677 INFO  com.alibaba.druid.pool.DruidDataSource Line:923 - {dataSource-1} inited
2020-04-08 16:02:18.844 INFO  org.hibernate.jpa.internal.util.LogHelper Line:31  - HHH000204: Processing PersistenceUnitInfo [name: default]
2020-04-08 16:02:18.917 INFO  org.hibernate.Version Line:44  - HHH000412: Hibernate ORM core version 5.4.12.Final
2020-04-08 16:02:19.042 INFO  org.hibernate.annotations.common.Version Line:49  - HCANN000001: Hibernate Commons Annotations {5.1.0.Final}
2020-04-08 16:02:19.138 INFO  org.hibernate.dialect.Dialect Line:172 - HHH000400: Using dialect: org.hibernate.dialect.MySQL55Dialect
2020-04-08 16:02:19.293 INFO  org.hibernate.engine.transaction.jta.platform.internal.JtaPlatformInitiator Line:52  - HHH000490: Using JtaPlatform implementation: [org.hibernate.engine.transaction.jta.platform.internal.NoJtaPlatform]
2020-04-08 16:02:19.301 INFO  org.springframework.orm.jpa.LocalContainerEntityManagerFactoryBean Line:416 - Initialized JPA EntityManagerFactory for persistence unit 'default'
2020-04-08 16:02:19.764 INFO  org.springframework.scheduling.concurrent.ThreadPoolTaskExecutor Line:181 - Initializing ExecutorService 'applicationTaskExecutor'
2020-04-08 16:02:19.840 INFO  org.springframework.boot.autoconfigure.web.servlet.WelcomePageHandlerMapping Line:54  - Adding welcome page: class path resource [public/index.html]
2020-04-08 16:02:20.160 INFO  org.springframework.boot.devtools.autoconfigure.OptionalLiveReloadServer Line:58  - LiveReload server is running on port 35729
2020-04-08 16:02:20.217 INFO  org.springframework.boot.web.embedded.tomcat.TomcatWebServer Line:204 - Tomcat started on port(s): 8080 (http) with context path ''
2020-04-08 16:02:20.221 INFO  com.zzm.springmybatis.SpringMybatisApplication Line:61  - Started SpringMybatisApplication in 4.972 seconds (JVM running for 6.754)
2020-04-08 16:02:22.889 INFO  org.apache.catalina.core.ContainerBase.[Tomcat].[localhost].[/] Line:173 - Initializing Spring DispatcherServlet 'dispatcherServlet'
2020-04-08 16:02:22.890 INFO  org.springframework.web.servlet.DispatcherServlet Line:525 - Initializing Servlet 'dispatcherServlet'
2020-04-08 16:02:22.898 INFO  org.springframework.web.servlet.DispatcherServlet Line:547 - Completed initialization in 8 ms
2020-04-08 16:02:57.231 INFO  com.zzm.springmybatis.SpringMybatisApplication Line:55  - Starting SpringMybatisApplication on DESKTOP-08P5REU with PID 19312 (E:\JavaWorkSpace\spring-mybatis\target\classes started by zm in E:\JavaWorkSpace\spring-mybatis)
2020-04-08 16:02:57.237 INFO  com.zzm.springmybatis.SpringMybatisApplication Line:651 - No active profile set, falling back to default profiles: default
2020-04-08 16:02:57.290 INFO  org.springframework.boot.devtools.restart.ChangeableUrls Line:225 - The Class-Path manifest attribute in E:\Java\MavenRepository\org\glassfish\jaxb\jaxb-runtime\2.3.2\jaxb-runtime-2.3.2.jar referenced one or more files that do not exist: file:/E:/Java/MavenRepository/org/glassfish/jaxb/jaxb-runtime/2.3.2/jakarta.xml.bind-api-2.3.2.jar,file:/E:/Java/MavenRepository/org/glassfish/jaxb/jaxb-runtime/2.3.2/txw2-2.3.2.jar,file:/E:/Java/MavenRepository/org/glassfish/jaxb/jaxb-runtime/2.3.2/istack-commons-runtime-3.0.8.jar,file:/E:/Java/MavenRepository/org/glassfish/jaxb/jaxb-runtime/2.3.2/stax-ex-1.8.1.jar,file:/E:/Java/MavenRepository/org/glassfish/jaxb/jaxb-runtime/2.3.2/FastInfoset-1.2.16.jar,file:/E:/Java/MavenRepository/org/glassfish/jaxb/jaxb-runtime/2.3.2/jakarta.activation-api-1.2.1.jar
2020-04-08 16:02:57.291 INFO  org.springframework.boot.devtools.env.DevToolsPropertyDefaultsPostProcessor Line:225 - Devtools property defaults active! Set 'spring.devtools.add-properties' to 'false' to disable
2020-04-08 16:02:57.291 INFO  org.springframework.boot.devtools.env.DevToolsPropertyDefaultsPostProcessor Line:225 - For additional web related logging consider setting the 'logging.level.web' property to 'DEBUG'
2020-04-08 16:02:58.058 INFO  org.springframework.data.repository.config.RepositoryConfigurationDelegate Line:127 - Bootstrapping Spring Data JPA repositories in DEFAULT mode.
2020-04-08 16:02:58.109 INFO  org.springframework.data.repository.config.RepositoryConfigurationDelegate Line:187 - Finished Spring Data repository scanning in 41ms. Found 0 JPA repository interfaces.
2020-04-08 16:02:58.830 INFO  org.springframework.boot.web.embedded.tomcat.TomcatWebServer Line:92  - Tomcat initialized with port(s): 8080 (http)
2020-04-08 16:02:58.841 INFO  org.apache.catalina.core.StandardService Line:173 - Starting service [Tomcat]
2020-04-08 16:02:58.842 INFO  org.apache.catalina.core.StandardEngine Line:173 - Starting Servlet engine: [Apache Tomcat/9.0.31]
2020-04-08 16:02:58.963 INFO  org.apache.catalina.core.ContainerBase.[Tomcat].[localhost].[/] Line:173 - Initializing Spring embedded WebApplicationContext
2020-04-08 16:02:58.963 INFO  org.springframework.web.context.ContextLoader Line:284 - Root WebApplicationContext: initialization completed in 1672 ms
2020-04-08 16:02:59.264 INFO  com.alibaba.druid.pool.DruidDataSource Line:923 - {dataSource-1} inited
2020-04-08 16:02:59.414 INFO  org.hibernate.jpa.internal.util.LogHelper Line:31  - HHH000204: Processing PersistenceUnitInfo [name: default]
2020-04-08 16:02:59.480 INFO  org.hibernate.Version Line:44  - HHH000412: Hibernate ORM core version 5.4.12.Final
2020-04-08 16:02:59.587 INFO  org.hibernate.annotations.common.Version Line:49  - HCANN000001: Hibernate Commons Annotations {5.1.0.Final}
2020-04-08 16:02:59.683 INFO  org.hibernate.dialect.Dialect Line:172 - HHH000400: Using dialect: org.hibernate.dialect.MySQL55Dialect
2020-04-08 16:02:59.853 INFO  org.hibernate.engine.transaction.jta.platform.internal.JtaPlatformInitiator Line:52  - HHH000490: Using JtaPlatform implementation: [org.hibernate.engine.transaction.jta.platform.internal.NoJtaPlatform]
2020-04-08 16:02:59.861 INFO  org.springframework.orm.jpa.LocalContainerEntityManagerFactoryBean Line:416 - Initialized JPA EntityManagerFactory for persistence unit 'default'
2020-04-08 16:03:00.252 INFO  org.springframework.scheduling.concurrent.ThreadPoolTaskExecutor Line:181 - Initializing ExecutorService 'applicationTaskExecutor'
2020-04-08 16:03:00.319 INFO  org.springframework.boot.autoconfigure.web.servlet.WelcomePageHandlerMapping Line:54  - Adding welcome page: class path resource [public/index.html]
2020-04-08 16:03:00.618 INFO  org.springframework.boot.devtools.autoconfigure.OptionalLiveReloadServer Line:58  - LiveReload server is running on port 35729
2020-04-08 16:03:00.670 INFO  org.springframework.boot.web.embedded.tomcat.TomcatWebServer Line:204 - Tomcat started on port(s): 8080 (http) with context path ''
2020-04-08 16:03:00.674 INFO  com.zzm.springmybatis.SpringMybatisApplication Line:61  - Started SpringMybatisApplication in 4.473 seconds (JVM running for 6.216)
2020-04-08 16:03:00.817 INFO  org.apache.catalina.core.ContainerBase.[Tomcat].[localhost].[/] Line:173 - Initializing Spring DispatcherServlet 'dispatcherServlet'
2020-04-08 16:03:00.817 INFO  org.springframework.web.servlet.DispatcherServlet Line:525 - Initializing Servlet 'dispatcherServlet'
2020-04-08 16:03:00.827 INFO  org.springframework.web.servlet.DispatcherServlet Line:547 - Completed initialization in 9 ms
2020-04-08 16:44:51.361 INFO  com.zzm.springmybatis.SpringMybatisApplication Line:55  - Starting SpringMybatisApplication on DESKTOP-08P5REU with PID 18464 (E:\JavaWorkSpace\spring-mybatis\target\classes started by zm in E:\JavaWorkSpace\spring-mybatis)
2020-04-08 16:44:51.365 INFO  com.zzm.springmybatis.SpringMybatisApplication Line:651 - No active profile set, falling back to default profiles: default
2020-04-08 16:44:51.412 INFO  org.springframework.boot.devtools.restart.ChangeableUrls Line:225 - The Class-Path manifest attribute in E:\Java\MavenRepository\org\glassfish\jaxb\jaxb-runtime\2.3.2\jaxb-runtime-2.3.2.jar referenced one or more files that do not exist: file:/E:/Java/MavenRepository/org/glassfish/jaxb/jaxb-runtime/2.3.2/jakarta.xml.bind-api-2.3.2.jar,file:/E:/Java/MavenRepository/org/glassfish/jaxb/jaxb-runtime/2.3.2/txw2-2.3.2.jar,file:/E:/Java/MavenRepository/org/glassfish/jaxb/jaxb-runtime/2.3.2/istack-commons-runtime-3.0.8.jar,file:/E:/Java/MavenRepository/org/glassfish/jaxb/jaxb-runtime/2.3.2/stax-ex-1.8.1.jar,file:/E:/Java/MavenRepository/org/glassfish/jaxb/jaxb-runtime/2.3.2/FastInfoset-1.2.16.jar,file:/E:/Java/MavenRepository/org/glassfish/jaxb/jaxb-runtime/2.3.2/jakarta.activation-api-1.2.1.jar
2020-04-08 16:44:51.413 INFO  org.springframework.boot.devtools.env.DevToolsPropertyDefaultsPostProcessor Line:225 - Devtools property defaults active! Set 'spring.devtools.add-properties' to 'false' to disable
2020-04-08 16:44:51.413 INFO  org.springframework.boot.devtools.env.DevToolsPropertyDefaultsPostProcessor Line:225 - For additional web related logging consider setting the 'logging.level.web' property to 'DEBUG'
2020-04-08 16:44:52.302 INFO  org.springframework.data.repository.config.RepositoryConfigurationDelegate Line:127 - Bootstrapping Spring Data JPA repositories in DEFAULT mode.
2020-04-08 16:44:52.350 INFO  org.springframework.data.repository.config.RepositoryConfigurationDelegate Line:187 - Finished Spring Data repository scanning in 38ms. Found 0 JPA repository interfaces.
2020-04-08 16:44:53.053 INFO  org.springframework.boot.web.embedded.tomcat.TomcatWebServer Line:92  - Tomcat initialized with port(s): 8080 (http)
2020-04-08 16:44:53.066 INFO  org.apache.catalina.core.StandardService Line:173 - Starting service [Tomcat]
2020-04-08 16:44:53.066 INFO  org.apache.catalina.core.StandardEngine Line:173 - Starting Servlet engine: [Apache Tomcat/9.0.31]
2020-04-08 16:44:53.186 INFO  org.apache.catalina.core.ContainerBase.[Tomcat].[localhost].[/] Line:173 - Initializing Spring embedded WebApplicationContext
2020-04-08 16:44:53.186 INFO  org.springframework.web.context.ContextLoader Line:284 - Root WebApplicationContext: initialization completed in 1772 ms
2020-04-08 16:44:53.470 INFO  com.alibaba.druid.pool.DruidDataSource Line:923 - {dataSource-1} inited
2020-04-08 16:44:53.614 INFO  org.hibernate.jpa.internal.util.LogHelper Line:31  - HHH000204: Processing PersistenceUnitInfo [name: default]
2020-04-08 16:44:53.674 INFO  org.hibernate.Version Line:44  - HHH000412: Hibernate ORM core version 5.4.12.Final
2020-04-08 16:44:53.801 INFO  org.hibernate.annotations.common.Version Line:49  - HCANN000001: Hibernate Commons Annotations {5.1.0.Final}
2020-04-08 16:44:53.913 INFO  org.hibernate.dialect.Dialect Line:172 - HHH000400: Using dialect: org.hibernate.dialect.MySQL55Dialect
2020-04-08 16:44:54.091 INFO  org.hibernate.engine.transaction.jta.platform.internal.JtaPlatformInitiator Line:52  - HHH000490: Using JtaPlatform implementation: [org.hibernate.engine.transaction.jta.platform.internal.NoJtaPlatform]
2020-04-08 16:44:54.100 INFO  org.springframework.orm.jpa.LocalContainerEntityManagerFactoryBean Line:416 - Initialized JPA EntityManagerFactory for persistence unit 'default'
2020-04-08 16:44:54.546 INFO  org.springframework.scheduling.concurrent.ThreadPoolTaskExecutor Line:181 - Initializing ExecutorService 'applicationTaskExecutor'
2020-04-08 16:44:54.626 INFO  org.springframework.boot.autoconfigure.web.servlet.WelcomePageHandlerMapping Line:54  - Adding welcome page: class path resource [public/index.html]
2020-04-08 16:44:54.949 INFO  org.springframework.boot.devtools.autoconfigure.OptionalLiveReloadServer Line:58  - LiveReload server is running on port 35729
2020-04-08 16:44:55.001 INFO  org.springframework.boot.web.embedded.tomcat.TomcatWebServer Line:204 - Tomcat started on port(s): 8080 (http) with context path ''
2020-04-08 16:44:55.005 INFO  com.zzm.springmybatis.SpringMybatisApplication Line:61  - Started SpringMybatisApplication in 4.502 seconds (JVM running for 5.575)
2020-04-08 16:44:55.169 INFO  org.apache.catalina.core.ContainerBase.[Tomcat].[localhost].[/] Line:173 - Initializing Spring DispatcherServlet 'dispatcherServlet'
2020-04-08 16:44:55.169 INFO  org.springframework.web.servlet.DispatcherServlet Line:525 - Initializing Servlet 'dispatcherServlet'
2020-04-08 16:44:55.181 INFO  org.springframework.web.servlet.DispatcherServlet Line:547 - Completed initialization in 11 ms
2020-04-08 16:51:17.480 INFO  com.zzm.springmybatis.SpringMybatisApplication Line:55  - Starting SpringMybatisApplication on DESKTOP-08P5REU with PID 6852 (E:\JavaWorkSpace\spring-mybatis\target\classes started by zm in E:\JavaWorkSpace\spring-mybatis)
2020-04-08 16:51:17.487 INFO  com.zzm.springmybatis.SpringMybatisApplication Line:651 - No active profile set, falling back to default profiles: default
2020-04-08 16:51:17.547 INFO  org.springframework.boot.devtools.restart.ChangeableUrls Line:225 - The Class-Path manifest attribute in E:\Java\MavenRepository\org\glassfish\jaxb\jaxb-runtime\2.3.2\jaxb-runtime-2.3.2.jar referenced one or more files that do not exist: file:/E:/Java/MavenRepository/org/glassfish/jaxb/jaxb-runtime/2.3.2/jakarta.xml.bind-api-2.3.2.jar,file:/E:/Java/MavenRepository/org/glassfish/jaxb/jaxb-runtime/2.3.2/txw2-2.3.2.jar,file:/E:/Java/MavenRepository/org/glassfish/jaxb/jaxb-runtime/2.3.2/istack-commons-runtime-3.0.8.jar,file:/E:/Java/MavenRepository/org/glassfish/jaxb/jaxb-runtime/2.3.2/stax-ex-1.8.1.jar,file:/E:/Java/MavenRepository/org/glassfish/jaxb/jaxb-runtime/2.3.2/FastInfoset-1.2.16.jar,file:/E:/Java/MavenRepository/org/glassfish/jaxb/jaxb-runtime/2.3.2/jakarta.activation-api-1.2.1.jar
2020-04-08 16:51:17.548 INFO  org.springframework.boot.devtools.env.DevToolsPropertyDefaultsPostProcessor Line:225 - Devtools property defaults active! Set 'spring.devtools.add-properties' to 'false' to disable
2020-04-08 16:51:17.549 INFO  org.springframework.boot.devtools.env.DevToolsPropertyDefaultsPostProcessor Line:225 - For additional web related logging consider setting the 'logging.level.web' property to 'DEBUG'
2020-04-08 16:51:18.448 INFO  org.springframework.data.repository.config.RepositoryConfigurationDelegate Line:127 - Bootstrapping Spring Data JPA repositories in DEFAULT mode.
2020-04-08 16:51:18.497 INFO  org.springframework.data.repository.config.RepositoryConfigurationDelegate Line:187 - Finished Spring Data repository scanning in 38ms. Found 0 JPA repository interfaces.
2020-04-08 16:51:19.332 INFO  org.springframework.boot.web.embedded.tomcat.TomcatWebServer Line:92  - Tomcat initialized with port(s): 8080 (http)
2020-04-08 16:51:19.346 INFO  org.apache.catalina.core.StandardService Line:173 - Starting service [Tomcat]
2020-04-08 16:51:19.347 INFO  org.apache.catalina.core.StandardEngine Line:173 - Starting Servlet engine: [Apache Tomcat/9.0.31]
2020-04-08 16:51:19.477 INFO  org.apache.catalina.core.ContainerBase.[Tomcat].[localhost].[/] Line:173 - Initializing Spring embedded WebApplicationContext
2020-04-08 16:51:19.477 INFO  org.springframework.web.context.ContextLoader Line:284 - Root WebApplicationContext: initialization completed in 1928 ms
2020-04-08 16:51:19.803 INFO  com.alibaba.druid.pool.DruidDataSource Line:923 - {dataSource-1} inited
2020-04-08 16:51:19.977 INFO  org.hibernate.jpa.internal.util.LogHelper Line:31  - HHH000204: Processing PersistenceUnitInfo [name: default]
2020-04-08 16:51:20.049 INFO  org.hibernate.Version Line:44  - HHH000412: Hibernate ORM core version 5.4.12.Final
2020-04-08 16:51:20.216 INFO  org.hibernate.annotations.common.Version Line:49  - HCANN000001: Hibernate Commons Annotations {5.1.0.Final}
2020-04-08 16:51:20.351 INFO  org.hibernate.dialect.Dialect Line:172 - HHH000400: Using dialect: org.hibernate.dialect.MySQL55Dialect
2020-04-08 16:51:20.605 INFO  org.hibernate.engine.transaction.jta.platform.internal.JtaPlatformInitiator Line:52  - HHH000490: Using JtaPlatform implementation: [org.hibernate.engine.transaction.jta.platform.internal.NoJtaPlatform]
2020-04-08 16:51:20.632 INFO  org.springframework.orm.jpa.LocalContainerEntityManagerFactoryBean Line:416 - Initialized JPA EntityManagerFactory for persistence unit 'default'
2020-04-08 16:51:21.276 INFO  org.springframework.scheduling.concurrent.ThreadPoolTaskExecutor Line:181 - Initializing ExecutorService 'applicationTaskExecutor'
2020-04-08 16:51:21.381 INFO  org.springframework.boot.autoconfigure.web.servlet.WelcomePageHandlerMapping Line:54  - Adding welcome page: class path resource [public/index.html]
2020-04-08 16:51:21.735 INFO  org.springframework.boot.devtools.autoconfigure.OptionalLiveReloadServer Line:58  - LiveReload server is running on port 35729
2020-04-08 16:51:21.793 INFO  org.springframework.boot.web.embedded.tomcat.TomcatWebServer Line:204 - Tomcat started on port(s): 8080 (http) with context path ''
2020-04-08 16:51:21.797 INFO  com.zzm.springmybatis.SpringMybatisApplication Line:61  - Started SpringMybatisApplication in 5.303 seconds (JVM running for 6.626)
2020-04-08 16:51:24.534 INFO  org.apache.catalina.core.ContainerBase.[Tomcat].[localhost].[/] Line:173 - Initializing Spring DispatcherServlet 'dispatcherServlet'
2020-04-08 16:51:24.536 INFO  org.springframework.web.servlet.DispatcherServlet Line:525 - Initializing Servlet 'dispatcherServlet'
2020-04-08 16:51:24.546 INFO  org.springframework.web.servlet.DispatcherServlet Line:547 - Completed initialization in 8 ms
2020-04-08 16:52:38.726 INFO  com.zzm.springmybatis.SpringMybatisApplication Line:55  - Starting SpringMybatisApplication on DESKTOP-08P5REU with PID 4252 (E:\JavaWorkSpace\spring-mybatis\target\classes started by zm in E:\JavaWorkSpace\spring-mybatis)
2020-04-08 16:52:38.730 INFO  com.zzm.springmybatis.SpringMybatisApplication Line:651 - No active profile set, falling back to default profiles: default
2020-04-08 16:52:38.779 INFO  org.springframework.boot.devtools.restart.ChangeableUrls Line:225 - The Class-Path manifest attribute in E:\Java\MavenRepository\org\glassfish\jaxb\jaxb-runtime\2.3.2\jaxb-runtime-2.3.2.jar referenced one or more files that do not exist: file:/E:/Java/MavenRepository/org/glassfish/jaxb/jaxb-runtime/2.3.2/jakarta.xml.bind-api-2.3.2.jar,file:/E:/Java/MavenRepository/org/glassfish/jaxb/jaxb-runtime/2.3.2/txw2-2.3.2.jar,file:/E:/Java/MavenRepository/org/glassfish/jaxb/jaxb-runtime/2.3.2/istack-commons-runtime-3.0.8.jar,file:/E:/Java/MavenRepository/org/glassfish/jaxb/jaxb-runtime/2.3.2/stax-ex-1.8.1.jar,file:/E:/Java/MavenRepository/org/glassfish/jaxb/jaxb-runtime/2.3.2/FastInfoset-1.2.16.jar,file:/E:/Java/MavenRepository/org/glassfish/jaxb/jaxb-runtime/2.3.2/jakarta.activation-api-1.2.1.jar
2020-04-08 16:52:38.780 INFO  org.springframework.boot.devtools.env.DevToolsPropertyDefaultsPostProcessor Line:225 - Devtools property defaults active! Set 'spring.devtools.add-properties' to 'false' to disable
2020-04-08 16:52:38.780 INFO  org.springframework.boot.devtools.env.DevToolsPropertyDefaultsPostProcessor Line:225 - For additional web related logging consider setting the 'logging.level.web' property to 'DEBUG'
2020-04-08 16:52:39.621 INFO  org.springframework.data.repository.config.RepositoryConfigurationDelegate Line:127 - Bootstrapping Spring Data JPA repositories in DEFAULT mode.
2020-04-08 16:52:39.680 INFO  org.springframework.data.repository.config.RepositoryConfigurationDelegate Line:187 - Finished Spring Data repository scanning in 44ms. Found 0 JPA repository interfaces.
2020-04-08 16:52:40.436 INFO  org.springframework.boot.web.embedded.tomcat.TomcatWebServer Line:92  - Tomcat initialized with port(s): 8080 (http)
2020-04-08 16:52:40.447 INFO  org.apache.catalina.core.StandardService Line:173 - Starting service [Tomcat]
2020-04-08 16:52:40.448 INFO  org.apache.catalina.core.StandardEngine Line:173 - Starting Servlet engine: [Apache Tomcat/9.0.31]
2020-04-08 16:52:40.567 INFO  org.apache.catalina.core.ContainerBase.[Tomcat].[localhost].[/] Line:173 - Initializing Spring embedded WebApplicationContext
2020-04-08 16:52:40.567 INFO  org.springframework.web.context.ContextLoader Line:284 - Root WebApplicationContext: initialization completed in 1787 ms
2020-04-08 16:52:40.871 INFO  com.alibaba.druid.pool.DruidDataSource Line:923 - {dataSource-1} inited
2020-04-08 16:52:41.025 INFO  org.hibernate.jpa.internal.util.LogHelper Line:31  - HHH000204: Processing PersistenceUnitInfo [name: default]
2020-04-08 16:52:41.092 INFO  org.hibernate.Version Line:44  - HHH000412: Hibernate ORM core version 5.4.12.Final
2020-04-08 16:52:41.203 INFO  org.hibernate.annotations.common.Version Line:49  - HCANN000001: Hibernate Commons Annotations {5.1.0.Final}
2020-04-08 16:52:41.312 INFO  org.hibernate.dialect.Dialect Line:172 - HHH000400: Using dialect: org.hibernate.dialect.MySQL55Dialect
2020-04-08 16:52:41.480 INFO  org.hibernate.engine.transaction.jta.platform.internal.JtaPlatformInitiator Line:52  - HHH000490: Using JtaPlatform implementation: [org.hibernate.engine.transaction.jta.platform.internal.NoJtaPlatform]
2020-04-08 16:52:41.487 INFO  org.springframework.orm.jpa.LocalContainerEntityManagerFactoryBean Line:416 - Initialized JPA EntityManagerFactory for persistence unit 'default'
2020-04-08 16:52:41.905 INFO  org.springframework.scheduling.concurrent.ThreadPoolTaskExecutor Line:181 - Initializing ExecutorService 'applicationTaskExecutor'
2020-04-08 16:52:41.981 INFO  org.springframework.boot.autoconfigure.web.servlet.WelcomePageHandlerMapping Line:54  - Adding welcome page: class path resource [public/index.html]
2020-04-08 16:52:42.297 INFO  org.springframework.boot.devtools.autoconfigure.OptionalLiveReloadServer Line:58  - LiveReload server is running on port 35729
2020-04-08 16:52:42.350 INFO  org.springframework.boot.web.embedded.tomcat.TomcatWebServer Line:204 - Tomcat started on port(s): 8080 (http) with context path ''
2020-04-08 16:52:42.353 INFO  com.zzm.springmybatis.SpringMybatisApplication Line:61  - Started SpringMybatisApplication in 4.553 seconds (JVM running for 5.75)
2020-04-08 16:52:42.575 INFO  org.apache.catalina.core.ContainerBase.[Tomcat].[localhost].[/] Line:173 - Initializing Spring DispatcherServlet 'dispatcherServlet'
2020-04-08 16:52:42.576 INFO  org.springframework.web.servlet.DispatcherServlet Line:525 - Initializing Servlet 'dispatcherServlet'
2020-04-08 16:52:42.585 INFO  org.springframework.web.servlet.DispatcherServlet Line:547 - Completed initialization in 9 ms
2020-04-08 16:53:39.860 INFO  com.zzm.springmybatis.SpringMybatisApplication Line:55  - Starting SpringMybatisApplication on DESKTOP-08P5REU with PID 6824 (E:\JavaWorkSpace\spring-mybatis\target\classes started by zm in E:\JavaWorkSpace\spring-mybatis)
2020-04-08 16:53:39.863 INFO  com.zzm.springmybatis.SpringMybatisApplication Line:651 - No active profile set, falling back to default profiles: default
2020-04-08 16:53:39.959 INFO  org.springframework.boot.devtools.restart.ChangeableUrls Line:225 - The Class-Path manifest attribute in E:\Java\MavenRepository\org\glassfish\jaxb\jaxb-runtime\2.3.2\jaxb-runtime-2.3.2.jar referenced one or more files that do not exist: file:/E:/Java/MavenRepository/org/glassfish/jaxb/jaxb-runtime/2.3.2/jakarta.xml.bind-api-2.3.2.jar,file:/E:/Java/MavenRepository/org/glassfish/jaxb/jaxb-runtime/2.3.2/txw2-2.3.2.jar,file:/E:/Java/MavenRepository/org/glassfish/jaxb/jaxb-runtime/2.3.2/istack-commons-runtime-3.0.8.jar,file:/E:/Java/MavenRepository/org/glassfish/jaxb/jaxb-runtime/2.3.2/stax-ex-1.8.1.jar,file:/E:/Java/MavenRepository/org/glassfish/jaxb/jaxb-runtime/2.3.2/FastInfoset-1.2.16.jar,file:/E:/Java/MavenRepository/org/glassfish/jaxb/jaxb-runtime/2.3.2/jakarta.activation-api-1.2.1.jar
2020-04-08 16:53:39.959 INFO  org.springframework.boot.devtools.env.DevToolsPropertyDefaultsPostProcessor Line:225 - Devtools property defaults active! Set 'spring.devtools.add-properties' to 'false' to disable
2020-04-08 16:53:39.960 INFO  org.springframework.boot.devtools.env.DevToolsPropertyDefaultsPostProcessor Line:225 - For additional web related logging consider setting the 'logging.level.web' property to 'DEBUG'
2020-04-08 16:53:40.839 INFO  org.springframework.data.repository.config.RepositoryConfigurationDelegate Line:127 - Bootstrapping Spring Data JPA repositories in DEFAULT mode.
2020-04-08 16:53:40.886 INFO  org.springframework.data.repository.config.RepositoryConfigurationDelegate Line:187 - Finished Spring Data repository scanning in 38ms. Found 0 JPA repository interfaces.
2020-04-08 16:53:41.641 INFO  org.springframework.boot.web.embedded.tomcat.TomcatWebServer Line:92  - Tomcat initialized with port(s): 8080 (http)
2020-04-08 16:53:41.653 INFO  org.apache.catalina.core.StandardService Line:173 - Starting service [Tomcat]
2020-04-08 16:53:41.654 INFO  org.apache.catalina.core.StandardEngine Line:173 - Starting Servlet engine: [Apache Tomcat/9.0.31]
2020-04-08 16:53:41.775 INFO  org.apache.catalina.core.ContainerBase.[Tomcat].[localhost].[/] Line:173 - Initializing Spring embedded WebApplicationContext
2020-04-08 16:53:41.776 INFO  org.springframework.web.context.ContextLoader Line:284 - Root WebApplicationContext: initialization completed in 1816 ms
2020-04-08 16:53:42.060 INFO  com.alibaba.druid.pool.DruidDataSource Line:923 - {dataSource-1} inited
2020-04-08 16:53:42.222 INFO  org.hibernate.jpa.internal.util.LogHelper Line:31  - HHH000204: Processing PersistenceUnitInfo [name: default]
2020-04-08 16:53:42.287 INFO  org.hibernate.Version Line:44  - HHH000412: Hibernate ORM core version 5.4.12.Final
2020-04-08 16:53:42.398 INFO  org.hibernate.annotations.common.Version Line:49  - HCANN000001: Hibernate Commons Annotations {5.1.0.Final}
2020-04-08 16:53:42.520 INFO  org.hibernate.dialect.Dialect Line:172 - HHH000400: Using dialect: org.hibernate.dialect.MySQL55Dialect
2020-04-08 16:53:42.711 INFO  org.hibernate.engine.transaction.jta.platform.internal.JtaPlatformInitiator Line:52  - HHH000490: Using JtaPlatform implementation: [org.hibernate.engine.transaction.jta.platform.internal.NoJtaPlatform]
2020-04-08 16:53:42.720 INFO  org.springframework.orm.jpa.LocalContainerEntityManagerFactoryBean Line:416 - Initialized JPA EntityManagerFactory for persistence unit 'default'
2020-04-08 16:53:43.174 INFO  org.springframework.scheduling.concurrent.ThreadPoolTaskExecutor Line:181 - Initializing ExecutorService 'applicationTaskExecutor'
2020-04-08 16:53:43.251 INFO  org.springframework.boot.autoconfigure.web.servlet.WelcomePageHandlerMapping Line:54  - Adding welcome page: class path resource [public/index.html]
2020-04-08 16:53:43.585 INFO  org.springframework.boot.devtools.autoconfigure.OptionalLiveReloadServer Line:58  - LiveReload server is running on port 35729
2020-04-08 16:53:43.643 INFO  org.springframework.boot.web.embedded.tomcat.TomcatWebServer Line:204 - Tomcat started on port(s): 8080 (http) with context path ''
2020-04-08 16:53:43.647 INFO  com.zzm.springmybatis.SpringMybatisApplication Line:61  - Started SpringMybatisApplication in 4.663 seconds (JVM running for 5.804)
2020-04-08 16:53:43.824 INFO  org.apache.catalina.core.ContainerBase.[Tomcat].[localhost].[/] Line:173 - Initializing Spring DispatcherServlet 'dispatcherServlet'
2020-04-08 16:53:43.824 INFO  org.springframework.web.servlet.DispatcherServlet Line:525 - Initializing Servlet 'dispatcherServlet'
2020-04-08 16:53:43.834 INFO  org.springframework.web.servlet.DispatcherServlet Line:547 - Completed initialization in 9 ms
2020-04-08 16:54:44.439 INFO  com.zzm.springmybatis.SpringMybatisApplication Line:55  - Starting SpringMybatisApplication on DESKTOP-08P5REU with PID 15800 (E:\JavaWorkSpace\spring-mybatis\target\classes started by zm in E:\JavaWorkSpace\spring-mybatis)
2020-04-08 16:54:44.444 INFO  com.zzm.springmybatis.SpringMybatisApplication Line:651 - No active profile set, falling back to default profiles: default
2020-04-08 16:54:44.499 INFO  org.springframework.boot.devtools.restart.ChangeableUrls Line:225 - The Class-Path manifest attribute in E:\Java\MavenRepository\org\glassfish\jaxb\jaxb-runtime\2.3.2\jaxb-runtime-2.3.2.jar referenced one or more files that do not exist: file:/E:/Java/MavenRepository/org/glassfish/jaxb/jaxb-runtime/2.3.2/jakarta.xml.bind-api-2.3.2.jar,file:/E:/Java/MavenRepository/org/glassfish/jaxb/jaxb-runtime/2.3.2/txw2-2.3.2.jar,file:/E:/Java/MavenRepository/org/glassfish/jaxb/jaxb-runtime/2.3.2/istack-commons-runtime-3.0.8.jar,file:/E:/Java/MavenRepository/org/glassfish/jaxb/jaxb-runtime/2.3.2/stax-ex-1.8.1.jar,file:/E:/Java/MavenRepository/org/glassfish/jaxb/jaxb-runtime/2.3.2/FastInfoset-1.2.16.jar,file:/E:/Java/MavenRepository/org/glassfish/jaxb/jaxb-runtime/2.3.2/jakarta.activation-api-1.2.1.jar
2020-04-08 16:54:44.500 INFO  org.springframework.boot.devtools.env.DevToolsPropertyDefaultsPostProcessor Line:225 - Devtools property defaults active! Set 'spring.devtools.add-properties' to 'false' to disable
2020-04-08 16:54:44.500 INFO  org.springframework.boot.devtools.env.DevToolsPropertyDefaultsPostProcessor Line:225 - For additional web related logging consider setting the 'logging.level.web' property to 'DEBUG'
2020-04-08 16:54:45.262 INFO  org.springframework.data.repository.config.RepositoryConfigurationDelegate Line:127 - Bootstrapping Spring Data JPA repositories in DEFAULT mode.
2020-04-08 16:54:45.308 INFO  org.springframework.data.repository.config.RepositoryConfigurationDelegate Line:187 - Finished Spring Data repository scanning in 37ms. Found 0 JPA repository interfaces.
2020-04-08 16:54:46.103 INFO  org.springframework.boot.web.embedded.tomcat.TomcatWebServer Line:92  - Tomcat initialized with port(s): 8080 (http)
2020-04-08 16:54:46.120 INFO  org.apache.catalina.core.StandardService Line:173 - Starting service [Tomcat]
2020-04-08 16:54:46.120 INFO  org.apache.catalina.core.StandardEngine Line:173 - Starting Servlet engine: [Apache Tomcat/9.0.31]
2020-04-08 16:54:46.252 INFO  org.apache.catalina.core.ContainerBase.[Tomcat].[localhost].[/] Line:173 - Initializing Spring embedded WebApplicationContext
2020-04-08 16:54:46.253 INFO  org.springframework.web.context.ContextLoader Line:284 - Root WebApplicationContext: initialization completed in 1751 ms
2020-04-08 16:54:46.554 INFO  com.alibaba.druid.pool.DruidDataSource Line:923 - {dataSource-1} inited
2020-04-08 16:54:46.706 INFO  org.hibernate.jpa.internal.util.LogHelper Line:31  - HHH000204: Processing PersistenceUnitInfo [name: default]
2020-04-08 16:54:46.776 INFO  org.hibernate.Version Line:44  - HHH000412: Hibernate ORM core version 5.4.12.Final
2020-04-08 16:54:46.904 INFO  org.hibernate.annotations.common.Version Line:49  - HCANN000001: Hibernate Commons Annotations {5.1.0.Final}
2020-04-08 16:54:47.017 INFO  org.hibernate.dialect.Dialect Line:172 - HHH000400: Using dialect: org.hibernate.dialect.MySQL55Dialect
2020-04-08 16:54:47.197 INFO  org.hibernate.engine.transaction.jta.platform.internal.JtaPlatformInitiator Line:52  - HHH000490: Using JtaPlatform implementation: [org.hibernate.engine.transaction.jta.platform.internal.NoJtaPlatform]
2020-04-08 16:54:47.205 INFO  org.springframework.orm.jpa.LocalContainerEntityManagerFactoryBean Line:416 - Initialized JPA EntityManagerFactory for persistence unit 'default'
2020-04-08 16:54:47.688 INFO  org.springframework.scheduling.concurrent.ThreadPoolTaskExecutor Line:181 - Initializing ExecutorService 'applicationTaskExecutor'
2020-04-08 16:54:47.769 INFO  org.springframework.boot.autoconfigure.web.servlet.WelcomePageHandlerMapping Line:54  - Adding welcome page: class path resource [public/index.html]
2020-04-08 16:54:48.116 INFO  org.springframework.boot.devtools.autoconfigure.OptionalLiveReloadServer Line:58  - LiveReload server is running on port 35729
2020-04-08 16:54:48.172 INFO  org.springframework.boot.web.embedded.tomcat.TomcatWebServer Line:204 - Tomcat started on port(s): 8080 (http) with context path ''
2020-04-08 16:54:48.177 INFO  com.zzm.springmybatis.SpringMybatisApplication Line:61  - Started SpringMybatisApplication in 4.699 seconds (JVM running for 5.812)
2020-04-08 16:54:48.248 INFO  org.apache.catalina.core.ContainerBase.[Tomcat].[localhost].[/] Line:173 - Initializing Spring DispatcherServlet 'dispatcherServlet'
2020-04-08 16:54:48.248 INFO  org.springframework.web.servlet.DispatcherServlet Line:525 - Initializing Servlet 'dispatcherServlet'
2020-04-08 16:54:48.255 INFO  org.springframework.web.servlet.DispatcherServlet Line:547 - Completed initialization in 7 ms
