2020-04-04 15:16:04.766 ERROR org.springframework.boot.diagnostics.LoggingFailureAnalysisReporter Line:40  - 

***************************
APPLICATION FAILED TO START
***************************

Description:

Failed to bind properties under 'file-manager.volumes[0]' to com.zzm.springmybatis.elfinder.param.Node:

    Property: file-manager.volumes[0].alias
    Value: file
    Origin: class path resource [application.properties]:5:31
    Reason: Configuration property name '-default' is not valid

Action:

Update your application's configuration

2020-04-04 15:17:02.087 ERROR org.springframework.boot.diagnostics.LoggingFailureAnalysisReporter Line:40  - 

***************************
APPLICATION FAILED TO START
***************************

Description:

Failed to bind properties under 'file-manager.volumes[0]' to com.zzm.springmybatis.elfinder.param.Node:

    Property: file-manager.volumes[0].alias
    Value: file
    Origin: class path resource [application.properties]:5:31
    Reason: Configuration property name '-default' is not valid

Action:

Update your application's configuration

2020-04-04 15:18:28.360 ERROR org.springframework.boot.SpringApplication Line:826 - Application run failed
org.springframework.beans.factory.BeanDefinitionStoreException: Failed to parse configuration class [com.zzm.springmybatis.SpringMybatisApplication]; nested exception is org.springframework.context.annotation.ConflictingBeanDefinitionException: Annotation-specified bean name 'indexController' for bean class [com.zzm.springmybatis.controller.IndexController] conflicts with existing, non-compatible bean definition of same name and class [com.zzm.springmybatis.config.IndexController]
	at org.springframework.context.annotation.ConfigurationClassParser.parse(ConfigurationClassParser.java:188)
	at org.springframework.context.annotation.ConfigurationClassPostProcessor.processConfigBeanDefinitions(ConfigurationClassPostProcessor.java:319)
	at org.springframework.context.annotation.ConfigurationClassPostProcessor.postProcessBeanDefinitionRegistry(ConfigurationClassPostProcessor.java:236)
	at org.springframework.context.support.PostProcessorRegistrationDelegate.invokeBeanDefinitionRegistryPostProcessors(PostProcessorRegistrationDelegate.java:275)
	at org.springframework.context.support.PostProcessorRegistrationDelegate.invokeBeanFactoryPostProcessors(PostProcessorRegistrationDelegate.java:95)
	at org.springframework.context.support.AbstractApplicationContext.invokeBeanFactoryPostProcessors(AbstractApplicationContext.java:706)
	at org.springframework.context.support.AbstractApplicationContext.refresh(AbstractApplicationContext.java:532)
	at org.springframework.boot.web.servlet.context.ServletWebServerApplicationContext.refresh(ServletWebServerApplicationContext.java:141)
	at org.springframework.boot.SpringApplication.refresh(SpringApplication.java:747)
	at org.springframework.boot.SpringApplication.refreshContext(SpringApplication.java:397)
	at org.springframework.boot.SpringApplication.run(SpringApplication.java:315)
	at org.springframework.boot.SpringApplication.run(SpringApplication.java:1226)
	at org.springframework.boot.SpringApplication.run(SpringApplication.java:1215)
	at com.zzm.springmybatis.SpringMybatisApplication.main(SpringMybatisApplication.java:10)
	at sun.reflect.NativeMethodAccessorImpl.invoke0(Native Method)
	at sun.reflect.NativeMethodAccessorImpl.invoke(NativeMethodAccessorImpl.java:62)
	at sun.reflect.DelegatingMethodAccessorImpl.invoke(DelegatingMethodAccessorImpl.java:43)
	at java.lang.reflect.Method.invoke(Method.java:498)
	at org.springframework.boot.devtools.restart.RestartLauncher.run(RestartLauncher.java:49)
Caused by: org.springframework.context.annotation.ConflictingBeanDefinitionException: Annotation-specified bean name 'indexController' for bean class [com.zzm.springmybatis.controller.IndexController] conflicts with existing, non-compatible bean definition of same name and class [com.zzm.springmybatis.config.IndexController]
	at org.springframework.context.annotation.ClassPathBeanDefinitionScanner.checkCandidate(ClassPathBeanDefinitionScanner.java:349)
	at org.springframework.context.annotation.ClassPathBeanDefinitionScanner.doScan(ClassPathBeanDefinitionScanner.java:287)
	at org.springframework.context.annotation.ComponentScanAnnotationParser.parse(ComponentScanAnnotationParser.java:132)
	at org.springframework.context.annotation.ConfigurationClassParser.doProcessConfigurationClass(ConfigurationClassParser.java:295)
	at org.springframework.context.annotation.ConfigurationClassParser.processConfigurationClass(ConfigurationClassParser.java:249)
	at org.springframework.context.annotation.ConfigurationClassParser.parse(ConfigurationClassParser.java:206)
	at org.springframework.context.annotation.ConfigurationClassParser.parse(ConfigurationClassParser.java:174)
	... 18 common frames omitted
2020-04-04 15:20:10.198 ERROR org.springframework.boot.SpringApplication Line:826 - Application run failed
org.springframework.beans.factory.BeanDefinitionStoreException: Failed to parse configuration class [com.zzm.springmybatis.SpringMybatisApplication]; nested exception is org.springframework.context.annotation.ConflictingBeanDefinitionException: Annotation-specified bean name 'indexController' for bean class [com.zzm.springmybatis.controller.IndexController] conflicts with existing, non-compatible bean definition of same name and class [com.zzm.springmybatis.config.IndexController]
	at org.springframework.context.annotation.ConfigurationClassParser.parse(ConfigurationClassParser.java:188)
	at org.springframework.context.annotation.ConfigurationClassPostProcessor.processConfigBeanDefinitions(ConfigurationClassPostProcessor.java:319)
	at org.springframework.context.annotation.ConfigurationClassPostProcessor.postProcessBeanDefinitionRegistry(ConfigurationClassPostProcessor.java:236)
	at org.springframework.context.support.PostProcessorRegistrationDelegate.invokeBeanDefinitionRegistryPostProcessors(PostProcessorRegistrationDelegate.java:275)
	at org.springframework.context.support.PostProcessorRegistrationDelegate.invokeBeanFactoryPostProcessors(PostProcessorRegistrationDelegate.java:95)
	at org.springframework.context.support.AbstractApplicationContext.invokeBeanFactoryPostProcessors(AbstractApplicationContext.java:706)
	at org.springframework.context.support.AbstractApplicationContext.refresh(AbstractApplicationContext.java:532)
	at org.springframework.boot.web.servlet.context.ServletWebServerApplicationContext.refresh(ServletWebServerApplicationContext.java:141)
	at org.springframework.boot.SpringApplication.refresh(SpringApplication.java:747)
	at org.springframework.boot.SpringApplication.refreshContext(SpringApplication.java:397)
	at org.springframework.boot.SpringApplication.run(SpringApplication.java:315)
	at org.springframework.boot.SpringApplication.run(SpringApplication.java:1226)
	at org.springframework.boot.SpringApplication.run(SpringApplication.java:1215)
	at com.zzm.springmybatis.SpringMybatisApplication.main(SpringMybatisApplication.java:10)
	at sun.reflect.NativeMethodAccessorImpl.invoke0(Native Method)
	at sun.reflect.NativeMethodAccessorImpl.invoke(NativeMethodAccessorImpl.java:62)
	at sun.reflect.DelegatingMethodAccessorImpl.invoke(DelegatingMethodAccessorImpl.java:43)
	at java.lang.reflect.Method.invoke(Method.java:498)
	at org.springframework.boot.devtools.restart.RestartLauncher.run(RestartLauncher.java:49)
Caused by: org.springframework.context.annotation.ConflictingBeanDefinitionException: Annotation-specified bean name 'indexController' for bean class [com.zzm.springmybatis.controller.IndexController] conflicts with existing, non-compatible bean definition of same name and class [com.zzm.springmybatis.config.IndexController]
	at org.springframework.context.annotation.ClassPathBeanDefinitionScanner.checkCandidate(ClassPathBeanDefinitionScanner.java:349)
	at org.springframework.context.annotation.ClassPathBeanDefinitionScanner.doScan(ClassPathBeanDefinitionScanner.java:287)
	at org.springframework.context.annotation.ComponentScanAnnotationParser.parse(ComponentScanAnnotationParser.java:132)
	at org.springframework.context.annotation.ConfigurationClassParser.doProcessConfigurationClass(ConfigurationClassParser.java:295)
	at org.springframework.context.annotation.ConfigurationClassParser.processConfigurationClass(ConfigurationClassParser.java:249)
	at org.springframework.context.annotation.ConfigurationClassParser.parse(ConfigurationClassParser.java:206)
	at org.springframework.context.annotation.ConfigurationClassParser.parse(ConfigurationClassParser.java:174)
	... 18 common frames omitted
2020-04-04 15:23:52.498 ERROR org.springframework.boot.diagnostics.LoggingFailureAnalysisReporter Line:40  - 

***************************
APPLICATION FAILED TO START
***************************

Description:

Failed to bind properties under 'file-manager.volumes[0]' to com.zzm.springmybatis.elfinder.param.Node:

    Property: file-manager.volumes[0].constraint.writable
    Value: true
    Origin: class path resource [application.properties]:11:45
    Reason: Configuration property name '-default' is not valid

Action:

Update your application's configuration

2020-04-04 15:48:31.368 ERROR org.springframework.boot.SpringApplication Line:826 - Application run failed
org.springframework.beans.factory.BeanCreationException: Error creating bean with name 'elfinderStorageFactory' defined in class path resource [com/zzm/springmybatis/elfinder/configuration/ElFinderConfig.class]: Bean instantiation via factory method failed; nested exception is org.springframework.beans.BeanInstantiationException: Failed to instantiate [com.zzm.springmybatis.elfinder.service.ElfinderStorageFactory]: Factory method 'getElfinderStorageFactory' threw exception; nested exception is org.springframework.beans.factory.BeanCreationException: Error creating bean with name 'elfinderStorage' defined in class path resource [com/zzm/springmybatis/elfinder/configuration/ElFinderConfig.class]: Bean instantiation via factory method failed; nested exception is org.springframework.beans.BeanInstantiationException: Failed to instantiate [com.zzm.springmybatis.elfinder.service.ElfinderStorage]: Factory method 'getElfinderStorage' threw exception; nested exception is java.lang.NullPointerException
	at org.springframework.beans.factory.support.ConstructorResolver.instantiate(ConstructorResolver.java:656)
	at org.springframework.beans.factory.support.ConstructorResolver.instantiateUsingFactoryMethod(ConstructorResolver.java:484)
	at org.springframework.beans.factory.support.AbstractAutowireCapableBeanFactory.instantiateUsingFactoryMethod(AbstractAutowireCapableBeanFactory.java:1338)
	at org.springframework.beans.factory.support.AbstractAutowireCapableBeanFactory.createBeanInstance(AbstractAutowireCapableBeanFactory.java:1177)
	at org.springframework.beans.factory.support.AbstractAutowireCapableBeanFactory.doCreateBean(AbstractAutowireCapableBeanFactory.java:557)
	at org.springframework.beans.factory.support.AbstractAutowireCapableBeanFactory.createBean(AbstractAutowireCapableBeanFactory.java:517)
	at org.springframework.beans.factory.support.AbstractBeanFactory.lambda$doGetBean$0(AbstractBeanFactory.java:323)
	at org.springframework.beans.factory.support.DefaultSingletonBeanRegistry.getSingleton(DefaultSingletonBeanRegistry.java:222)
	at org.springframework.beans.factory.support.AbstractBeanFactory.doGetBean(AbstractBeanFactory.java:321)
	at org.springframework.beans.factory.support.AbstractBeanFactory.getBean(AbstractBeanFactory.java:202)
	at org.springframework.beans.factory.support.DefaultListableBeanFactory.preInstantiateSingletons(DefaultListableBeanFactory.java:879)
	at org.springframework.context.support.AbstractApplicationContext.finishBeanFactoryInitialization(AbstractApplicationContext.java:878)
	at org.springframework.context.support.AbstractApplicationContext.refresh(AbstractApplicationContext.java:550)
	at org.springframework.boot.web.servlet.context.ServletWebServerApplicationContext.refresh(ServletWebServerApplicationContext.java:141)
	at org.springframework.boot.SpringApplication.refresh(SpringApplication.java:747)
	at org.springframework.boot.SpringApplication.refreshContext(SpringApplication.java:397)
	at org.springframework.boot.SpringApplication.run(SpringApplication.java:315)
	at org.springframework.boot.SpringApplication.run(SpringApplication.java:1226)
	at org.springframework.boot.SpringApplication.run(SpringApplication.java:1215)
	at com.zzm.springmybatis.SpringMybatisApplication.main(SpringMybatisApplication.java:10)
	at sun.reflect.NativeMethodAccessorImpl.invoke0(Native Method)
	at sun.reflect.NativeMethodAccessorImpl.invoke(NativeMethodAccessorImpl.java:62)
	at sun.reflect.DelegatingMethodAccessorImpl.invoke(DelegatingMethodAccessorImpl.java:43)
	at java.lang.reflect.Method.invoke(Method.java:498)
	at org.springframework.boot.devtools.restart.RestartLauncher.run(RestartLauncher.java:49)
Caused by: org.springframework.beans.BeanInstantiationException: Failed to instantiate [com.zzm.springmybatis.elfinder.service.ElfinderStorageFactory]: Factory method 'getElfinderStorageFactory' threw exception; nested exception is org.springframework.beans.factory.BeanCreationException: Error creating bean with name 'elfinderStorage' defined in class path resource [com/zzm/springmybatis/elfinder/configuration/ElFinderConfig.class]: Bean instantiation via factory method failed; nested exception is org.springframework.beans.BeanInstantiationException: Failed to instantiate [com.zzm.springmybatis.elfinder.service.ElfinderStorage]: Factory method 'getElfinderStorage' threw exception; nested exception is java.lang.NullPointerException
	at org.springframework.beans.factory.support.SimpleInstantiationStrategy.instantiate(SimpleInstantiationStrategy.java:185)
	at org.springframework.beans.factory.support.ConstructorResolver.instantiate(ConstructorResolver.java:651)
	... 24 common frames omitted
Caused by: org.springframework.beans.factory.BeanCreationException: Error creating bean with name 'elfinderStorage' defined in class path resource [com/zzm/springmybatis/elfinder/configuration/ElFinderConfig.class]: Bean instantiation via factory method failed; nested exception is org.springframework.beans.BeanInstantiationException: Failed to instantiate [com.zzm.springmybatis.elfinder.service.ElfinderStorage]: Factory method 'getElfinderStorage' threw exception; nested exception is java.lang.NullPointerException
	at org.springframework.beans.factory.support.ConstructorResolver.instantiate(ConstructorResolver.java:656)
	at org.springframework.beans.factory.support.ConstructorResolver.instantiateUsingFactoryMethod(ConstructorResolver.java:484)
	at org.springframework.beans.factory.support.AbstractAutowireCapableBeanFactory.instantiateUsingFactoryMethod(AbstractAutowireCapableBeanFactory.java:1338)
	at org.springframework.beans.factory.support.AbstractAutowireCapableBeanFactory.createBeanInstance(AbstractAutowireCapableBeanFactory.java:1177)
	at org.springframework.beans.factory.support.AbstractAutowireCapableBeanFactory.doCreateBean(AbstractAutowireCapableBeanFactory.java:557)
	at org.springframework.beans.factory.support.AbstractAutowireCapableBeanFactory.createBean(AbstractAutowireCapableBeanFactory.java:517)
	at org.springframework.beans.factory.support.AbstractBeanFactory.lambda$doGetBean$0(AbstractBeanFactory.java:323)
	at org.springframework.beans.factory.support.DefaultSingletonBeanRegistry.getSingleton(DefaultSingletonBeanRegistry.java:222)
	at org.springframework.beans.factory.support.AbstractBeanFactory.doGetBean(AbstractBeanFactory.java:321)
	at org.springframework.beans.factory.support.AbstractBeanFactory.getBean(AbstractBeanFactory.java:202)
	at org.springframework.context.annotation.ConfigurationClassEnhancer$BeanMethodInterceptor.resolveBeanReference(ConfigurationClassEnhancer.java:362)
	at org.springframework.context.annotation.ConfigurationClassEnhancer$BeanMethodInterceptor.intercept(ConfigurationClassEnhancer.java:334)
	at com.zzm.springmybatis.elfinder.configuration.ElFinderConfig$$EnhancerBySpringCGLIB$$449d2b2b.getElfinderStorage(<generated>)
	at com.zzm.springmybatis.elfinder.configuration.ElFinderConfig.getElfinderStorageFactory(ElFinderConfig.java:40)
	at com.zzm.springmybatis.elfinder.configuration.ElFinderConfig$$EnhancerBySpringCGLIB$$449d2b2b.CGLIB$getElfinderStorageFactory$2(<generated>)
	at com.zzm.springmybatis.elfinder.configuration.ElFinderConfig$$EnhancerBySpringCGLIB$$449d2b2b$$FastClassBySpringCGLIB$$a83503f2.invoke(<generated>)
	at org.springframework.cglib.proxy.MethodProxy.invokeSuper(MethodProxy.java:244)
	at org.springframework.context.annotation.ConfigurationClassEnhancer$BeanMethodInterceptor.intercept(ConfigurationClassEnhancer.java:331)
	at com.zzm.springmybatis.elfinder.configuration.ElFinderConfig$$EnhancerBySpringCGLIB$$449d2b2b.getElfinderStorageFactory(<generated>)
	at sun.reflect.NativeMethodAccessorImpl.invoke0(Native Method)
	at sun.reflect.NativeMethodAccessorImpl.invoke(NativeMethodAccessorImpl.java:62)
	at sun.reflect.DelegatingMethodAccessorImpl.invoke(DelegatingMethodAccessorImpl.java:43)
	at java.lang.reflect.Method.invoke(Method.java:498)
	at org.springframework.beans.factory.support.SimpleInstantiationStrategy.instantiate(SimpleInstantiationStrategy.java:154)
	... 25 common frames omitted
Caused by: org.springframework.beans.BeanInstantiationException: Failed to instantiate [com.zzm.springmybatis.elfinder.service.ElfinderStorage]: Factory method 'getElfinderStorage' threw exception; nested exception is java.lang.NullPointerException
	at org.springframework.beans.factory.support.SimpleInstantiationStrategy.instantiate(SimpleInstantiationStrategy.java:185)
	at org.springframework.beans.factory.support.ConstructorResolver.instantiate(ConstructorResolver.java:651)
	... 48 common frames omitted
Caused by: java.lang.NullPointerException: null
	at com.zzm.springmybatis.elfinder.configuration.ElFinderConfig.getElfinderStorage(ElFinderConfig.java:50)
	at com.zzm.springmybatis.elfinder.configuration.ElFinderConfig$$EnhancerBySpringCGLIB$$449d2b2b.CGLIB$getElfinderStorage$0(<generated>)
	at com.zzm.springmybatis.elfinder.configuration.ElFinderConfig$$EnhancerBySpringCGLIB$$449d2b2b$$FastClassBySpringCGLIB$$a83503f2.invoke(<generated>)
	at org.springframework.cglib.proxy.MethodProxy.invokeSuper(MethodProxy.java:244)
	at org.springframework.context.annotation.ConfigurationClassEnhancer$BeanMethodInterceptor.intercept(ConfigurationClassEnhancer.java:331)
	at com.zzm.springmybatis.elfinder.configuration.ElFinderConfig$$EnhancerBySpringCGLIB$$449d2b2b.getElfinderStorage(<generated>)
	at sun.reflect.NativeMethodAccessorImpl.invoke0(Native Method)
	at sun.reflect.NativeMethodAccessorImpl.invoke(NativeMethodAccessorImpl.java:62)
	at sun.reflect.DelegatingMethodAccessorImpl.invoke(DelegatingMethodAccessorImpl.java:43)
	at java.lang.reflect.Method.invoke(Method.java:498)
	at org.springframework.beans.factory.support.SimpleInstantiationStrategy.instantiate(SimpleInstantiationStrategy.java:154)
	... 49 common frames omitted
2020-04-04 15:53:51.616 ERROR org.springframework.boot.diagnostics.LoggingFailureAnalysisReporter Line:40  - 

***************************
APPLICATION FAILED TO START
***************************

Description:

Failed to bind properties under 'file-manager.volumes[0]' to com.zzm.springmybatis.elfinder.param.Node:

    Property: file-manager.volumes[0].alias
    Value: file
    Origin: class path resource [application.properties]:6:31
    Reason: Configuration property name '-default' is not valid

Action:

Update your application's configuration

2020-04-04 16:00:56.575 ERROR org.springframework.boot.diagnostics.LoggingFailureAnalysisReporter Line:40  - 

***************************
APPLICATION FAILED TO START
***************************

Description:

Failed to bind properties under 'file-manager.volumes[0]' to com.zzm.springmybatis.elfinder.param.Node:

    Property: file-manager.volumes[0].constraint.writable
    Value: true
    Origin: class path resource [application.properties]:12:45
    Reason: Configuration property name '-default' is not valid

Action:

Update your application's configuration

2020-04-04 16:03:05.148 ERROR org.springframework.boot.diagnostics.LoggingFailureAnalysisReporter Line:40  - 

***************************
APPLICATION FAILED TO START
***************************

Description:

Configuration property name 'fileManager' is not valid:

    Invalid characters: 'M'
    Bean: elFinderConfig
    Reason: Canonical names should be kebab-case ('-' separated), lowercase alpha-numeric characters and must start with a letter

Action:

Modify 'fileManager' so that it conforms to the canonical names requirements.

2020-04-04 16:03:57.202 ERROR org.springframework.boot.diagnostics.LoggingFailureAnalysisReporter Line:40  - 

***************************
APPLICATION FAILED TO START
***************************

Description:

Failed to bind properties under 'filemanager.volumes[0]' to com.zzm.springmybatis.elfinder.param.Node:

    Property: filemanager.volumes[0].constraint.writable
    Value: true
    Origin: class path resource [application.properties]:12:44
    Reason: Configuration property name '-default' is not valid

Action:

Update your application's configuration

2020-04-04 16:09:14.508 ERROR org.springframework.boot.diagnostics.LoggingFailureAnalysisReporter Line:40  - 

***************************
APPLICATION FAILED TO START
***************************

Description:

Failed to bind properties under 'filemanager.volumes[0]' to com.zzm.springmybatis.elfinder.param.Node:

    Property: filemanager.volumes[0].constraint.writable
    Value: true
    Origin: class path resource [application.yml]:88:17
    Reason: Configuration property name '-default' is not valid

Action:

Update your application's configuration

2020-04-04 16:09:41.525 ERROR org.springframework.boot.diagnostics.LoggingFailureAnalysisReporter Line:40  - 

***************************
APPLICATION FAILED TO START
***************************

Description:

Failed to bind properties under 'filemanager.volumes[0]' to com.zzm.springmybatis.elfinder.param.Node:

    Property: filemanager.volumes[0].constraint.writable
    Value: true
    Origin: class path resource [application.properties]:12:44
    Reason: Configuration property name '-default' is not valid

Action:

Update your application's configuration

2020-04-04 16:17:38.372 ERROR org.springframework.boot.SpringApplication Line:826 - Application run failed
org.springframework.beans.factory.UnsatisfiedDependencyException: Error creating bean with name 'elFinderConfig': Unsatisfied dependency expressed through field 'elfinderConfiguration'; nested exception is org.springframework.beans.factory.UnsatisfiedDependencyException: Error creating bean with name 'elfinderConfiguration': Unsatisfied dependency expressed through field 'command'; nested exception is org.springframework.beans.factory.BeanExpressionException: Expression parsing failed; nested exception is org.springframework.expression.spel.SpelEvaluationException: EL1008E: Property or field 'filemanager' cannot be found on object of type 'org.springframework.beans.factory.config.BeanExpressionContext' - maybe not public or not valid?
	at org.springframework.beans.factory.annotation.AutowiredAnnotationBeanPostProcessor$AutowiredFieldElement.inject(AutowiredAnnotationBeanPostProcessor.java:643)
	at org.springframework.beans.factory.annotation.InjectionMetadata.inject(InjectionMetadata.java:130)
	at org.springframework.beans.factory.annotation.AutowiredAnnotationBeanPostProcessor.postProcessProperties(AutowiredAnnotationBeanPostProcessor.java:399)
	at org.springframework.beans.factory.support.AbstractAutowireCapableBeanFactory.populateBean(AbstractAutowireCapableBeanFactory.java:1422)
	at org.springframework.beans.factory.support.AbstractAutowireCapableBeanFactory.doCreateBean(AbstractAutowireCapableBeanFactory.java:594)
	at org.springframework.beans.factory.support.AbstractAutowireCapableBeanFactory.createBean(AbstractAutowireCapableBeanFactory.java:517)
	at org.springframework.beans.factory.support.AbstractBeanFactory.lambda$doGetBean$0(AbstractBeanFactory.java:323)
	at org.springframework.beans.factory.support.DefaultSingletonBeanRegistry.getSingleton(DefaultSingletonBeanRegistry.java:222)
	at org.springframework.beans.factory.support.AbstractBeanFactory.doGetBean(AbstractBeanFactory.java:321)
	at org.springframework.beans.factory.support.AbstractBeanFactory.getBean(AbstractBeanFactory.java:202)
	at org.springframework.beans.factory.support.DefaultListableBeanFactory.preInstantiateSingletons(DefaultListableBeanFactory.java:879)
	at org.springframework.context.support.AbstractApplicationContext.finishBeanFactoryInitialization(AbstractApplicationContext.java:878)
	at org.springframework.context.support.AbstractApplicationContext.refresh(AbstractApplicationContext.java:550)
	at org.springframework.boot.web.servlet.context.ServletWebServerApplicationContext.refresh(ServletWebServerApplicationContext.java:141)
	at org.springframework.boot.SpringApplication.refresh(SpringApplication.java:747)
	at org.springframework.boot.SpringApplication.refreshContext(SpringApplication.java:397)
	at org.springframework.boot.SpringApplication.run(SpringApplication.java:315)
	at org.springframework.boot.SpringApplication.run(SpringApplication.java:1226)
	at org.springframework.boot.SpringApplication.run(SpringApplication.java:1215)
	at com.zzm.springmybatis.SpringMybatisApplication.main(SpringMybatisApplication.java:10)
	at sun.reflect.NativeMethodAccessorImpl.invoke0(Native Method)
	at sun.reflect.NativeMethodAccessorImpl.invoke(NativeMethodAccessorImpl.java:62)
	at sun.reflect.DelegatingMethodAccessorImpl.invoke(DelegatingMethodAccessorImpl.java:43)
	at java.lang.reflect.Method.invoke(Method.java:498)
	at org.springframework.boot.devtools.restart.RestartLauncher.run(RestartLauncher.java:49)
Caused by: org.springframework.beans.factory.UnsatisfiedDependencyException: Error creating bean with name 'elfinderConfiguration': Unsatisfied dependency expressed through field 'command'; nested exception is org.springframework.beans.factory.BeanExpressionException: Expression parsing failed; nested exception is org.springframework.expression.spel.SpelEvaluationException: EL1008E: Property or field 'filemanager' cannot be found on object of type 'org.springframework.beans.factory.config.BeanExpressionContext' - maybe not public or not valid?
	at org.springframework.beans.factory.annotation.AutowiredAnnotationBeanPostProcessor$AutowiredFieldElement.inject(AutowiredAnnotationBeanPostProcessor.java:643)
	at org.springframework.beans.factory.annotation.InjectionMetadata.inject(InjectionMetadata.java:130)
	at org.springframework.beans.factory.annotation.AutowiredAnnotationBeanPostProcessor.postProcessProperties(AutowiredAnnotationBeanPostProcessor.java:399)
	at org.springframework.beans.factory.support.AbstractAutowireCapableBeanFactory.populateBean(AbstractAutowireCapableBeanFactory.java:1422)
	at org.springframework.beans.factory.support.AbstractAutowireCapableBeanFactory.doCreateBean(AbstractAutowireCapableBeanFactory.java:594)
	at org.springframework.beans.factory.support.AbstractAutowireCapableBeanFactory.createBean(AbstractAutowireCapableBeanFactory.java:517)
	at org.springframework.beans.factory.support.AbstractBeanFactory.lambda$doGetBean$0(AbstractBeanFactory.java:323)
	at org.springframework.beans.factory.support.DefaultSingletonBeanRegistry.getSingleton(DefaultSingletonBeanRegistry.java:222)
	at org.springframework.beans.factory.support.AbstractBeanFactory.doGetBean(AbstractBeanFactory.java:321)
	at org.springframework.beans.factory.support.AbstractBeanFactory.getBean(AbstractBeanFactory.java:202)
	at org.springframework.beans.factory.config.DependencyDescriptor.resolveCandidate(DependencyDescriptor.java:276)
	at org.springframework.beans.factory.support.DefaultListableBeanFactory.doResolveDependency(DefaultListableBeanFactory.java:1287)
	at org.springframework.beans.factory.support.DefaultListableBeanFactory.resolveDependency(DefaultListableBeanFactory.java:1207)
	at org.springframework.beans.factory.annotation.AutowiredAnnotationBeanPostProcessor$AutowiredFieldElement.inject(AutowiredAnnotationBeanPostProcessor.java:640)
	... 24 common frames omitted
Caused by: org.springframework.beans.factory.BeanExpressionException: Expression parsing failed; nested exception is org.springframework.expression.spel.SpelEvaluationException: EL1008E: Property or field 'filemanager' cannot be found on object of type 'org.springframework.beans.factory.config.BeanExpressionContext' - maybe not public or not valid?
	at org.springframework.context.expression.StandardBeanExpressionResolver.evaluate(StandardBeanExpressionResolver.java:164)
	at org.springframework.beans.factory.support.AbstractBeanFactory.evaluateBeanDefinitionString(AbstractBeanFactory.java:1566)
	at org.springframework.beans.factory.support.DefaultListableBeanFactory.doResolveDependency(DefaultListableBeanFactory.java:1231)
	at org.springframework.beans.factory.support.DefaultListableBeanFactory.resolveDependency(DefaultListableBeanFactory.java:1207)
	at org.springframework.beans.factory.annotation.AutowiredAnnotationBeanPostProcessor$AutowiredFieldElement.inject(AutowiredAnnotationBeanPostProcessor.java:640)
	... 37 common frames omitted
Caused by: org.springframework.expression.spel.SpelEvaluationException: EL1008E: Property or field 'filemanager' cannot be found on object of type 'org.springframework.beans.factory.config.BeanExpressionContext' - maybe not public or not valid?
	at org.springframework.expression.spel.ast.PropertyOrFieldReference.readProperty(PropertyOrFieldReference.java:217)
	at org.springframework.expression.spel.ast.PropertyOrFieldReference.getValueInternal(PropertyOrFieldReference.java:104)
	at org.springframework.expression.spel.ast.PropertyOrFieldReference.getValueInternal(PropertyOrFieldReference.java:91)
	at org.springframework.expression.spel.ast.CompoundExpression.getValueRef(CompoundExpression.java:55)
	at org.springframework.expression.spel.ast.CompoundExpression.getValueInternal(CompoundExpression.java:91)
	at org.springframework.expression.spel.ast.SpelNodeImpl.getValue(SpelNodeImpl.java:112)
	at org.springframework.expression.spel.standard.SpelExpression.getValue(SpelExpression.java:272)
	at org.springframework.context.expression.StandardBeanExpressionResolver.evaluate(StandardBeanExpressionResolver.java:161)
	... 41 common frames omitted
2020-04-04 16:28:19.503 ERROR org.springframework.boot.diagnostics.LoggingFailureAnalysisReporter Line:40  - 

***************************
APPLICATION FAILED TO START
***************************

Description:

Failed to bind properties under 'filemanager.volumes[0]' to com.zzm.springmybatis.elfinder.param.Node:

    Property: filemanager.volumes[0].alias
    Value: file
    Origin: class path resource [application.properties]:6:30
    Reason: Configuration property name '-default' is not valid

Action:

Update your application's configuration

2020-04-04 16:30:07.660 ERROR org.springframework.boot.diagnostics.LoggingFailureAnalysisReporter Line:40  - 

***************************
APPLICATION FAILED TO START
***************************

Description:

Failed to bind properties under 'filemanager.volumes[0]' to com.zzm.springmybatis.elfinder.param.Node:

    Reason: Configuration property name '-default' is not valid

Action:

Update your application's configuration

2020-04-04 16:33:15.511 ERROR org.springframework.boot.diagnostics.LoggingFailureAnalysisReporter Line:40  - 

***************************
APPLICATION FAILED TO START
***************************

Description:

Failed to bind properties under 'filemanager.volumes[0]' to com.zzm.springmybatis.elfinder.param.Node:

    Reason: Configuration property name '-default' is not valid

Action:

Update your application's configuration

2020-04-04 16:35:45.627 ERROR org.springframework.boot.SpringApplication Line:826 - Application run failed
org.springframework.beans.factory.BeanCreationException: Error creating bean with name 'elfinderStorageFactory' defined in class path resource [com/zzm/springmybatis/elfinder/configuration/ElFinderConfig.class]: Bean instantiation via factory method failed; nested exception is org.springframework.beans.BeanInstantiationException: Failed to instantiate [com.zzm.springmybatis.elfinder.service.ElfinderStorageFactory]: Factory method 'getElfinderStorageFactory' threw exception; nested exception is org.springframework.beans.factory.BeanCreationException: Error creating bean with name 'elfinderStorage' defined in class path resource [com/zzm/springmybatis/elfinder/configuration/ElFinderConfig.class]: Bean instantiation via factory method failed; nested exception is org.springframework.beans.BeanInstantiationException: Failed to instantiate [com.zzm.springmybatis.elfinder.service.ElfinderStorage]: Factory method 'getElfinderStorage' threw exception; nested exception is java.lang.NullPointerException
	at org.springframework.beans.factory.support.ConstructorResolver.instantiate(ConstructorResolver.java:656)
	at org.springframework.beans.factory.support.ConstructorResolver.instantiateUsingFactoryMethod(ConstructorResolver.java:484)
	at org.springframework.beans.factory.support.AbstractAutowireCapableBeanFactory.instantiateUsingFactoryMethod(AbstractAutowireCapableBeanFactory.java:1338)
	at org.springframework.beans.factory.support.AbstractAutowireCapableBeanFactory.createBeanInstance(AbstractAutowireCapableBeanFactory.java:1177)
	at org.springframework.beans.factory.support.AbstractAutowireCapableBeanFactory.doCreateBean(AbstractAutowireCapableBeanFactory.java:557)
	at org.springframework.beans.factory.support.AbstractAutowireCapableBeanFactory.createBean(AbstractAutowireCapableBeanFactory.java:517)
	at org.springframework.beans.factory.support.AbstractBeanFactory.lambda$doGetBean$0(AbstractBeanFactory.java:323)
	at org.springframework.beans.factory.support.DefaultSingletonBeanRegistry.getSingleton(DefaultSingletonBeanRegistry.java:222)
	at org.springframework.beans.factory.support.AbstractBeanFactory.doGetBean(AbstractBeanFactory.java:321)
	at org.springframework.beans.factory.support.AbstractBeanFactory.getBean(AbstractBeanFactory.java:202)
	at org.springframework.beans.factory.support.DefaultListableBeanFactory.preInstantiateSingletons(DefaultListableBeanFactory.java:879)
	at org.springframework.context.support.AbstractApplicationContext.finishBeanFactoryInitialization(AbstractApplicationContext.java:878)
	at org.springframework.context.support.AbstractApplicationContext.refresh(AbstractApplicationContext.java:550)
	at org.springframework.boot.web.servlet.context.ServletWebServerApplicationContext.refresh(ServletWebServerApplicationContext.java:141)
	at org.springframework.boot.SpringApplication.refresh(SpringApplication.java:747)
	at org.springframework.boot.SpringApplication.refreshContext(SpringApplication.java:397)
	at org.springframework.boot.SpringApplication.run(SpringApplication.java:315)
	at org.springframework.boot.SpringApplication.run(SpringApplication.java:1226)
	at org.springframework.boot.SpringApplication.run(SpringApplication.java:1215)
	at com.zzm.springmybatis.SpringMybatisApplication.main(SpringMybatisApplication.java:10)
	at sun.reflect.NativeMethodAccessorImpl.invoke0(Native Method)
	at sun.reflect.NativeMethodAccessorImpl.invoke(NativeMethodAccessorImpl.java:62)
	at sun.reflect.DelegatingMethodAccessorImpl.invoke(DelegatingMethodAccessorImpl.java:43)
	at java.lang.reflect.Method.invoke(Method.java:498)
	at org.springframework.boot.devtools.restart.RestartLauncher.run(RestartLauncher.java:49)
Caused by: org.springframework.beans.BeanInstantiationException: Failed to instantiate [com.zzm.springmybatis.elfinder.service.ElfinderStorageFactory]: Factory method 'getElfinderStorageFactory' threw exception; nested exception is org.springframework.beans.factory.BeanCreationException: Error creating bean with name 'elfinderStorage' defined in class path resource [com/zzm/springmybatis/elfinder/configuration/ElFinderConfig.class]: Bean instantiation via factory method failed; nested exception is org.springframework.beans.BeanInstantiationException: Failed to instantiate [com.zzm.springmybatis.elfinder.service.ElfinderStorage]: Factory method 'getElfinderStorage' threw exception; nested exception is java.lang.NullPointerException
	at org.springframework.beans.factory.support.SimpleInstantiationStrategy.instantiate(SimpleInstantiationStrategy.java:185)
	at org.springframework.beans.factory.support.ConstructorResolver.instantiate(ConstructorResolver.java:651)
	... 24 common frames omitted
Caused by: org.springframework.beans.factory.BeanCreationException: Error creating bean with name 'elfinderStorage' defined in class path resource [com/zzm/springmybatis/elfinder/configuration/ElFinderConfig.class]: Bean instantiation via factory method failed; nested exception is org.springframework.beans.BeanInstantiationException: Failed to instantiate [com.zzm.springmybatis.elfinder.service.ElfinderStorage]: Factory method 'getElfinderStorage' threw exception; nested exception is java.lang.NullPointerException
	at org.springframework.beans.factory.support.ConstructorResolver.instantiate(ConstructorResolver.java:656)
	at org.springframework.beans.factory.support.ConstructorResolver.instantiateUsingFactoryMethod(ConstructorResolver.java:484)
	at org.springframework.beans.factory.support.AbstractAutowireCapableBeanFactory.instantiateUsingFactoryMethod(AbstractAutowireCapableBeanFactory.java:1338)
	at org.springframework.beans.factory.support.AbstractAutowireCapableBeanFactory.createBeanInstance(AbstractAutowireCapableBeanFactory.java:1177)
	at org.springframework.beans.factory.support.AbstractAutowireCapableBeanFactory.doCreateBean(AbstractAutowireCapableBeanFactory.java:557)
	at org.springframework.beans.factory.support.AbstractAutowireCapableBeanFactory.createBean(AbstractAutowireCapableBeanFactory.java:517)
	at org.springframework.beans.factory.support.AbstractBeanFactory.lambda$doGetBean$0(AbstractBeanFactory.java:323)
	at org.springframework.beans.factory.support.DefaultSingletonBeanRegistry.getSingleton(DefaultSingletonBeanRegistry.java:222)
	at org.springframework.beans.factory.support.AbstractBeanFactory.doGetBean(AbstractBeanFactory.java:321)
	at org.springframework.beans.factory.support.AbstractBeanFactory.getBean(AbstractBeanFactory.java:202)
	at org.springframework.context.annotation.ConfigurationClassEnhancer$BeanMethodInterceptor.resolveBeanReference(ConfigurationClassEnhancer.java:362)
	at org.springframework.context.annotation.ConfigurationClassEnhancer$BeanMethodInterceptor.intercept(ConfigurationClassEnhancer.java:334)
	at com.zzm.springmybatis.elfinder.configuration.ElFinderConfig$$EnhancerBySpringCGLIB$$2d32b3a5.getElfinderStorage(<generated>)
	at com.zzm.springmybatis.elfinder.configuration.ElFinderConfig.getElfinderStorageFactory(ElFinderConfig.java:40)
	at com.zzm.springmybatis.elfinder.configuration.ElFinderConfig$$EnhancerBySpringCGLIB$$2d32b3a5.CGLIB$getElfinderStorageFactory$1(<generated>)
	at com.zzm.springmybatis.elfinder.configuration.ElFinderConfig$$EnhancerBySpringCGLIB$$2d32b3a5$$FastClassBySpringCGLIB$$b6b5425d.invoke(<generated>)
	at org.springframework.cglib.proxy.MethodProxy.invokeSuper(MethodProxy.java:244)
	at org.springframework.context.annotation.ConfigurationClassEnhancer$BeanMethodInterceptor.intercept(ConfigurationClassEnhancer.java:331)
	at com.zzm.springmybatis.elfinder.configuration.ElFinderConfig$$EnhancerBySpringCGLIB$$2d32b3a5.getElfinderStorageFactory(<generated>)
	at sun.reflect.NativeMethodAccessorImpl.invoke0(Native Method)
	at sun.reflect.NativeMethodAccessorImpl.invoke(NativeMethodAccessorImpl.java:62)
	at sun.reflect.DelegatingMethodAccessorImpl.invoke(DelegatingMethodAccessorImpl.java:43)
	at java.lang.reflect.Method.invoke(Method.java:498)
	at org.springframework.beans.factory.support.SimpleInstantiationStrategy.instantiate(SimpleInstantiationStrategy.java:154)
	... 25 common frames omitted
Caused by: org.springframework.beans.BeanInstantiationException: Failed to instantiate [com.zzm.springmybatis.elfinder.service.ElfinderStorage]: Factory method 'getElfinderStorage' threw exception; nested exception is java.lang.NullPointerException
	at org.springframework.beans.factory.support.SimpleInstantiationStrategy.instantiate(SimpleInstantiationStrategy.java:185)
	at org.springframework.beans.factory.support.ConstructorResolver.instantiate(ConstructorResolver.java:651)
	... 48 common frames omitted
Caused by: java.lang.NullPointerException: null
	at com.zzm.springmybatis.elfinder.configuration.ElFinderConfig.getElfinderStorage(ElFinderConfig.java:55)
	at com.zzm.springmybatis.elfinder.configuration.ElFinderConfig$$EnhancerBySpringCGLIB$$2d32b3a5.CGLIB$getElfinderStorage$0(<generated>)
	at com.zzm.springmybatis.elfinder.configuration.ElFinderConfig$$EnhancerBySpringCGLIB$$2d32b3a5$$FastClassBySpringCGLIB$$b6b5425d.invoke(<generated>)
	at org.springframework.cglib.proxy.MethodProxy.invokeSuper(MethodProxy.java:244)
	at org.springframework.context.annotation.ConfigurationClassEnhancer$BeanMethodInterceptor.intercept(ConfigurationClassEnhancer.java:331)
	at com.zzm.springmybatis.elfinder.configuration.ElFinderConfig$$EnhancerBySpringCGLIB$$2d32b3a5.getElfinderStorage(<generated>)
	at sun.reflect.NativeMethodAccessorImpl.invoke0(Native Method)
	at sun.reflect.NativeMethodAccessorImpl.invoke(NativeMethodAccessorImpl.java:62)
	at sun.reflect.DelegatingMethodAccessorImpl.invoke(DelegatingMethodAccessorImpl.java:43)
	at java.lang.reflect.Method.invoke(Method.java:498)
	at org.springframework.beans.factory.support.SimpleInstantiationStrategy.instantiate(SimpleInstantiationStrategy.java:154)
	... 49 common frames omitted
2020-04-04 16:46:13.657 ERROR org.springframework.boot.diagnostics.LoggingFailureAnalysisReporter Line:40  - 

***************************
APPLICATION FAILED TO START
***************************

Description:

Failed to bind properties under 'filemanager.volumes[0]' to com.zzm.springmybatis.elfinder.param.Node:

    Property: filemanager.volumes[0].constraint.writable
    Value: true
    Origin: class path resource [application.properties]:12:44
    Reason: Configuration property name '-default' is not valid

Action:

Update your application's configuration

2020-04-04 21:57:42.565 ERROR org.springframework.boot.SpringApplication Line:826 - Application run failed
org.springframework.beans.factory.BeanCreationException: Error creating bean with name 'cloudDiskController': Injection of resource dependencies failed; nested exception is org.springframework.beans.factory.UnsatisfiedDependencyException: Error creating bean with name 'elFinderConfig': Unsatisfied dependency expressed through field 'elfinderConfiguration'; nested exception is org.springframework.beans.factory.BeanCreationException: Error creating bean with name 'elfinderConfiguration' defined in file [E:\JavaWorkSpace\spring-mybatis\target\classes\com\zzm\springmybatis\elfinder\configuration\ElfinderConfiguration.class]: Instantiation of bean failed; nested exception is org.springframework.beans.BeanInstantiationException: Failed to instantiate [com.zzm.springmybatis.elfinder.configuration.ElfinderConfiguration]: Constructor threw exception; nested exception is java.lang.NullPointerException
	at org.springframework.context.annotation.CommonAnnotationBeanPostProcessor.postProcessProperties(CommonAnnotationBeanPostProcessor.java:337)
	at org.springframework.beans.factory.support.AbstractAutowireCapableBeanFactory.populateBean(AbstractAutowireCapableBeanFactory.java:1422)
	at org.springframework.beans.factory.support.AbstractAutowireCapableBeanFactory.doCreateBean(AbstractAutowireCapableBeanFactory.java:594)
	at org.springframework.beans.factory.support.AbstractAutowireCapableBeanFactory.createBean(AbstractAutowireCapableBeanFactory.java:517)
	at org.springframework.beans.factory.support.AbstractBeanFactory.lambda$doGetBean$0(AbstractBeanFactory.java:323)
	at org.springframework.beans.factory.support.DefaultSingletonBeanRegistry.getSingleton(DefaultSingletonBeanRegistry.java:222)
	at org.springframework.beans.factory.support.AbstractBeanFactory.doGetBean(AbstractBeanFactory.java:321)
	at org.springframework.beans.factory.support.AbstractBeanFactory.getBean(AbstractBeanFactory.java:202)
	at org.springframework.beans.factory.support.DefaultListableBeanFactory.preInstantiateSingletons(DefaultListableBeanFactory.java:879)
	at org.springframework.context.support.AbstractApplicationContext.finishBeanFactoryInitialization(AbstractApplicationContext.java:878)
	at org.springframework.context.support.AbstractApplicationContext.refresh(AbstractApplicationContext.java:550)
	at org.springframework.boot.web.servlet.context.ServletWebServerApplicationContext.refresh(ServletWebServerApplicationContext.java:141)
	at org.springframework.boot.SpringApplication.refresh(SpringApplication.java:747)
	at org.springframework.boot.SpringApplication.refreshContext(SpringApplication.java:397)
	at org.springframework.boot.SpringApplication.run(SpringApplication.java:315)
	at org.springframework.boot.SpringApplication.run(SpringApplication.java:1226)
	at org.springframework.boot.SpringApplication.run(SpringApplication.java:1215)
	at com.zzm.springmybatis.SpringMybatisApplication.main(SpringMybatisApplication.java:10)
	at sun.reflect.NativeMethodAccessorImpl.invoke0(Native Method)
	at sun.reflect.NativeMethodAccessorImpl.invoke(NativeMethodAccessorImpl.java:62)
	at sun.reflect.DelegatingMethodAccessorImpl.invoke(DelegatingMethodAccessorImpl.java:43)
	at java.lang.reflect.Method.invoke(Method.java:498)
	at org.springframework.boot.devtools.restart.RestartLauncher.run(RestartLauncher.java:49)
Caused by: org.springframework.beans.factory.UnsatisfiedDependencyException: Error creating bean with name 'elFinderConfig': Unsatisfied dependency expressed through field 'elfinderConfiguration'; nested exception is org.springframework.beans.factory.BeanCreationException: Error creating bean with name 'elfinderConfiguration' defined in file [E:\JavaWorkSpace\spring-mybatis\target\classes\com\zzm\springmybatis\elfinder\configuration\ElfinderConfiguration.class]: Instantiation of bean failed; nested exception is org.springframework.beans.BeanInstantiationException: Failed to instantiate [com.zzm.springmybatis.elfinder.configuration.ElfinderConfiguration]: Constructor threw exception; nested exception is java.lang.NullPointerException
	at org.springframework.beans.factory.annotation.AutowiredAnnotationBeanPostProcessor$AutowiredFieldElement.inject(AutowiredAnnotationBeanPostProcessor.java:643)
	at org.springframework.beans.factory.annotation.InjectionMetadata.inject(InjectionMetadata.java:130)
	at org.springframework.beans.factory.annotation.AutowiredAnnotationBeanPostProcessor.postProcessProperties(AutowiredAnnotationBeanPostProcessor.java:399)
	at org.springframework.beans.factory.support.AbstractAutowireCapableBeanFactory.populateBean(AbstractAutowireCapableBeanFactory.java:1422)
	at org.springframework.beans.factory.support.AbstractAutowireCapableBeanFactory.doCreateBean(AbstractAutowireCapableBeanFactory.java:594)
	at org.springframework.beans.factory.support.AbstractAutowireCapableBeanFactory.createBean(AbstractAutowireCapableBeanFactory.java:517)
	at org.springframework.beans.factory.support.AbstractBeanFactory.lambda$doGetBean$0(AbstractBeanFactory.java:323)
	at org.springframework.beans.factory.support.DefaultSingletonBeanRegistry.getSingleton(DefaultSingletonBeanRegistry.java:222)
	at org.springframework.beans.factory.support.AbstractBeanFactory.doGetBean(AbstractBeanFactory.java:321)
	at org.springframework.beans.factory.support.AbstractBeanFactory.getBean(AbstractBeanFactory.java:202)
	at org.springframework.beans.factory.support.ConstructorResolver.instantiateUsingFactoryMethod(ConstructorResolver.java:409)
	at org.springframework.beans.factory.support.AbstractAutowireCapableBeanFactory.instantiateUsingFactoryMethod(AbstractAutowireCapableBeanFactory.java:1338)
	at org.springframework.beans.factory.support.AbstractAutowireCapableBeanFactory.createBeanInstance(AbstractAutowireCapableBeanFactory.java:1177)
	at org.springframework.beans.factory.support.AbstractAutowireCapableBeanFactory.doCreateBean(AbstractAutowireCapableBeanFactory.java:557)
	at org.springframework.beans.factory.support.AbstractAutowireCapableBeanFactory.createBean(AbstractAutowireCapableBeanFactory.java:517)
	at org.springframework.beans.factory.support.AbstractBeanFactory.lambda$doGetBean$0(AbstractBeanFactory.java:323)
	at org.springframework.beans.factory.support.DefaultSingletonBeanRegistry.getSingleton(DefaultSingletonBeanRegistry.java:222)
	at org.springframework.beans.factory.support.AbstractBeanFactory.doGetBean(AbstractBeanFactory.java:321)
	at org.springframework.beans.factory.support.AbstractBeanFactory.getBean(AbstractBeanFactory.java:207)
	at org.springframework.beans.factory.support.AbstractAutowireCapableBeanFactory.resolveBeanByName(AbstractAutowireCapableBeanFactory.java:454)
	at org.springframework.context.annotation.CommonAnnotationBeanPostProcessor.autowireResource(CommonAnnotationBeanPostProcessor.java:543)
	at org.springframework.context.annotation.CommonAnnotationBeanPostProcessor.getResource(CommonAnnotationBeanPostProcessor.java:513)
	at org.springframework.context.annotation.CommonAnnotationBeanPostProcessor$ResourceElement.getResourceToInject(CommonAnnotationBeanPostProcessor.java:653)
	at org.springframework.beans.factory.annotation.InjectionMetadata$InjectedElement.inject(InjectionMetadata.java:239)
	at org.springframework.beans.factory.annotation.InjectionMetadata.inject(InjectionMetadata.java:130)
	at org.springframework.context.annotation.CommonAnnotationBeanPostProcessor.postProcessProperties(CommonAnnotationBeanPostProcessor.java:334)
	... 22 common frames omitted
Caused by: org.springframework.beans.factory.BeanCreationException: Error creating bean with name 'elfinderConfiguration' defined in file [E:\JavaWorkSpace\spring-mybatis\target\classes\com\zzm\springmybatis\elfinder\configuration\ElfinderConfiguration.class]: Instantiation of bean failed; nested exception is org.springframework.beans.BeanInstantiationException: Failed to instantiate [com.zzm.springmybatis.elfinder.configuration.ElfinderConfiguration]: Constructor threw exception; nested exception is java.lang.NullPointerException
	at org.springframework.beans.factory.support.AbstractAutowireCapableBeanFactory.instantiateBean(AbstractAutowireCapableBeanFactory.java:1320)
	at org.springframework.beans.factory.support.AbstractAutowireCapableBeanFactory.createBeanInstance(AbstractAutowireCapableBeanFactory.java:1214)
	at org.springframework.beans.factory.support.AbstractAutowireCapableBeanFactory.doCreateBean(AbstractAutowireCapableBeanFactory.java:557)
	at org.springframework.beans.factory.support.AbstractAutowireCapableBeanFactory.createBean(AbstractAutowireCapableBeanFactory.java:517)
	at org.springframework.beans.factory.support.AbstractBeanFactory.lambda$doGetBean$0(AbstractBeanFactory.java:323)
	at org.springframework.beans.factory.support.DefaultSingletonBeanRegistry.getSingleton(DefaultSingletonBeanRegistry.java:222)
	at org.springframework.beans.factory.support.AbstractBeanFactory.doGetBean(AbstractBeanFactory.java:321)
	at org.springframework.beans.factory.support.AbstractBeanFactory.getBean(AbstractBeanFactory.java:202)
	at org.springframework.beans.factory.config.DependencyDescriptor.resolveCandidate(DependencyDescriptor.java:276)
	at org.springframework.beans.factory.support.DefaultListableBeanFactory.doResolveDependency(DefaultListableBeanFactory.java:1287)
	at org.springframework.beans.factory.support.DefaultListableBeanFactory.resolveDependency(DefaultListableBeanFactory.java:1207)
	at org.springframework.beans.factory.annotation.AutowiredAnnotationBeanPostProcessor$AutowiredFieldElement.inject(AutowiredAnnotationBeanPostProcessor.java:640)
	... 47 common frames omitted
Caused by: org.springframework.beans.BeanInstantiationException: Failed to instantiate [com.zzm.springmybatis.elfinder.configuration.ElfinderConfiguration]: Constructor threw exception; nested exception is java.lang.NullPointerException
	at org.springframework.beans.BeanUtils.instantiateClass(BeanUtils.java:216)
	at org.springframework.beans.factory.support.SimpleInstantiationStrategy.instantiate(SimpleInstantiationStrategy.java:87)
	at org.springframework.beans.factory.support.AbstractAutowireCapableBeanFactory.instantiateBean(AbstractAutowireCapableBeanFactory.java:1312)
	... 58 common frames omitted
Caused by: java.lang.NullPointerException: null
	at com.zzm.springmybatis.elfinder.param.Node.<init>(Node.java:22)
	at com.zzm.springmybatis.elfinder.configuration.ElfinderConfiguration.<init>(ElfinderConfiguration.java:24)
	at sun.reflect.NativeConstructorAccessorImpl.newInstance0(Native Method)
	at sun.reflect.NativeConstructorAccessorImpl.newInstance(NativeConstructorAccessorImpl.java:62)
	at sun.reflect.DelegatingConstructorAccessorImpl.newInstance(DelegatingConstructorAccessorImpl.java:45)
	at java.lang.reflect.Constructor.newInstance(Constructor.java:423)
	at org.springframework.beans.BeanUtils.instantiateClass(BeanUtils.java:203)
	... 60 common frames omitted
